[0.413s] Invoking command in '/Users/peterchau/robotics/ros-drone/src/tellobot': PYTHONPATH=/Users/peterchau/robotics/ros-drone/src/install/tellobot/lib/python3.8/site-packages:${PYTHONPATH} SHLVL=3 _=/usr/bin/env /usr/local/opt/python@3.8/bin/python3.8 setup.py egg_info --egg-base ../build/tellobot build --build-base /Users/peterchau/robotics/ros-drone/src/build/tellobot/build install --prefix /Users/peterchau/robotics/ros-drone/src/install/tellobot --record /Users/peterchau/robotics/ros-drone/src/build/tellobot/install.log --single-version-externally-managed
[0.669s] running egg_info
[0.669s] writing ../build/tellobot/tellobot.egg-info/PKG-INFO
[0.670s] writing dependency_links to ../build/tellobot/tellobot.egg-info/dependency_links.txt
[0.671s] writing entry points to ../build/tellobot/tellobot.egg-info/entry_points.txt
[0.673s] writing requirements to ../build/tellobot/tellobot.egg-info/requires.txt
[0.673s] writing top-level names to ../build/tellobot/tellobot.egg-info/top_level.txt
[0.694s] reading manifest file '../build/tellobot/tellobot.egg-info/SOURCES.txt'
[0.695s] writing manifest file '../build/tellobot/tellobot.egg-info/SOURCES.txt'
[0.696s] running build
[0.697s] running build_py
[0.698s] copying tellobot/gui_buttons.py -> /Users/peterchau/robotics/ros-drone/src/build/tellobot/build/lib/tellobot
[0.699s] running install
[0.699s] running install_lib
[0.701s] copying /Users/peterchau/robotics/ros-drone/src/build/tellobot/build/lib/tellobot/gui_buttons.py -> /Users/peterchau/robotics/ros-drone/src/install/tellobot/lib/python3.8/site-packages/tellobot
[0.702s] byte-compiling /Users/peterchau/robotics/ros-drone/src/install/tellobot/lib/python3.8/site-packages/tellobot/gui_buttons.py to gui_buttons.cpython-38.pyc
[0.703s] running install_data
[0.703s] running install_egg_info
[0.705s] removing '/Users/peterchau/robotics/ros-drone/src/install/tellobot/lib/python3.8/site-packages/tellobot-0.0.0-py3.8.egg-info' (and everything under it)
[0.706s] Copying ../build/tellobot/tellobot.egg-info to /Users/peterchau/robotics/ros-drone/src/install/tellobot/lib/python3.8/site-packages/tellobot-0.0.0-py3.8.egg-info
[0.718s] running install_scripts
[0.755s] Installing ai_node script to /Users/peterchau/robotics/ros-drone/src/install/tellobot/lib/tellobot
[0.756s] Installing camera_pub_node script to /Users/peterchau/robotics/ros-drone/src/install/tellobot/lib/tellobot
[0.757s] Installing gui_buttons_node script to /Users/peterchau/robotics/ros-drone/src/install/tellobot/lib/tellobot
[0.758s] Installing gui_node script to /Users/peterchau/robotics/ros-drone/src/install/tellobot/lib/tellobot
[0.758s] Installing pose_ml_node script to /Users/peterchau/robotics/ros-drone/src/install/tellobot/lib/tellobot
[0.760s] writing list of installed files to '/Users/peterchau/robotics/ros-drone/src/build/tellobot/install.log'
[0.761s] /usr/local/lib/python3.8/site-packages/setuptools/dist.py:642: UserWarning: Usage of dash-separated 'script-dir' will not be supported in future versions. Please use the underscore name 'script_dir' instead
[0.761s]   warnings.warn(
[0.761s] /usr/local/lib/python3.8/site-packages/setuptools/dist.py:642: UserWarning: Usage of dash-separated 'install-scripts' will not be supported in future versions. Please use the underscore name 'install_scripts' instead
[0.761s]   warnings.warn(
[0.789s] Invoked command in '/Users/peterchau/robotics/ros-drone/src/tellobot' returned '0': PYTHONPATH=/Users/peterchau/robotics/ros-drone/src/install/tellobot/lib/python3.8/site-packages:${PYTHONPATH} SHLVL=3 _=/usr/bin/env /usr/local/opt/python@3.8/bin/python3.8 setup.py egg_info --egg-base ../build/tellobot build --build-base /Users/peterchau/robotics/ros-drone/src/build/tellobot/build install --prefix /Users/peterchau/robotics/ros-drone/src/install/tellobot --record /Users/peterchau/robotics/ros-drone/src/build/tellobot/install.log --single-version-externally-managed
