[0.885s] DEBUG:colcon:Command line arguments: ['/usr/local/bin/colcon', 'build', '--packages-select', 'tellobot']
[0.885s] DEBUG:colcon:Parsed command line arguments: Namespace(ament_cmake_args=None, base_paths=['.'], build_base='build', catkin_cmake_args=None, catkin_skip_building_tests=False, cmake_args=None, cmake_clean_cache=False, cmake_clean_first=False, cmake_force_configure=False, cmake_target=None, cmake_target_skip_unavailable=False, continue_on_error=False, event_handlers=None, executor='parallel', ignore_user_meta=False, install_base='install', log_base=None, log_level=None, main=<bound method BuildVerb.main of <colcon_core.verb.build.BuildVerb object at 0x10ebf0910>>, merge_install=False, metas=['./colcon.meta'], packages_above=None, packages_above_and_dependencies=None, packages_above_depth=None, packages_end=None, packages_ignore=None, packages_ignore_regex=None, packages_select=['tellobot'], packages_select_build_failed=False, packages_select_by_dep=None, packages_select_regex=None, packages_select_test_failures=False, packages_skip=None, packages_skip_build_finished=False, packages_skip_by_dep=None, packages_skip_regex=None, packages_skip_test_passed=False, packages_skip_up_to=None, packages_start=None, packages_up_to=None, packages_up_to_regex=None, parallel_workers=12, paths=None, symlink_install=False, test_result_base=None, verb_extension=<colcon_core.verb.build.BuildVerb object at 0x10ebf0910>, verb_name='build', verb_parser=<colcon_defaults.argument_parser.defaults.DefaultArgumentsDecorator object at 0x10ebf0e80>)
[0.911s] Level 1:colcon.colcon_core.package_discovery:discover_packages(colcon_meta) check parameters
[0.911s] Level 1:colcon.colcon_core.package_discovery:discover_packages(recursive) check parameters
[0.911s] Level 1:colcon.colcon_core.package_discovery:discover_packages(ignore) check parameters
[0.911s] Level 1:colcon.colcon_core.package_discovery:discover_packages(path) check parameters
[0.911s] Level 1:colcon.colcon_core.package_discovery:discover_packages(colcon_meta) discover
[0.911s] Level 1:colcon.colcon_core.package_discovery:discover_packages(recursive) discover
[0.911s] INFO:colcon.colcon_core.package_discovery:Crawling recursively for packages in '/Users/peterchau/robotics/ros-drone/src'
[0.911s] Level 1:colcon.colcon_core.package_identification:_identify(.) by extensions ['ignore', 'ignore_ament_install']
[0.911s] Level 1:colcon.colcon_core.package_identification:_identify(.) by extension 'ignore'
[0.912s] Level 1:colcon.colcon_core.package_identification:_identify(.) by extension 'ignore_ament_install'
[0.912s] Level 1:colcon.colcon_core.package_identification:_identify(.) by extensions ['colcon_pkg']
[0.912s] Level 1:colcon.colcon_core.package_identification:_identify(.) by extension 'colcon_pkg'
[0.912s] Level 1:colcon.colcon_core.package_identification:_identify(.) by extensions ['colcon_meta']
[0.912s] Level 1:colcon.colcon_core.package_identification:_identify(.) by extension 'colcon_meta'
[0.912s] Level 1:colcon.colcon_core.package_identification:_identify(.) by extensions ['ros']
[0.912s] Level 1:colcon.colcon_core.package_identification:_identify(.) by extension 'ros'
[0.944s] Level 1:colcon.colcon_core.package_identification:_identify(.) by extensions ['cmake', 'python']
[0.944s] Level 1:colcon.colcon_core.package_identification:_identify(.) by extension 'cmake'
[0.944s] Level 1:colcon.colcon_core.package_identification:_identify(.) by extension 'python'
[0.944s] Level 1:colcon.colcon_core.package_identification:_identify(.) by extensions ['python_setup_py']
[0.944s] Level 1:colcon.colcon_core.package_identification:_identify(.) by extension 'python_setup_py'
[0.944s] Level 1:colcon.colcon_core.package_identification:_identify(build) by extensions ['ignore', 'ignore_ament_install']
[0.945s] Level 1:colcon.colcon_core.package_identification:_identify(build) by extension 'ignore'
[0.945s] Level 1:colcon.colcon_core.package_identification:_identify(build) ignored
[0.945s] Level 1:colcon.colcon_core.package_identification:_identify(cv_basics) by extensions ['ignore', 'ignore_ament_install']
[0.945s] Level 1:colcon.colcon_core.package_identification:_identify(cv_basics) by extension 'ignore'
[0.945s] Level 1:colcon.colcon_core.package_identification:_identify(cv_basics) by extension 'ignore_ament_install'
[0.946s] Level 1:colcon.colcon_core.package_identification:_identify(cv_basics) by extensions ['colcon_pkg']
[0.946s] Level 1:colcon.colcon_core.package_identification:_identify(cv_basics) by extension 'colcon_pkg'
[0.946s] Level 1:colcon.colcon_core.package_identification:_identify(cv_basics) by extensions ['colcon_meta']
[0.946s] Level 1:colcon.colcon_core.package_identification:_identify(cv_basics) by extension 'colcon_meta'
[0.946s] Level 1:colcon.colcon_core.package_identification:_identify(cv_basics) by extensions ['ros']
[0.946s] Level 1:colcon.colcon_core.package_identification:_identify(cv_basics) by extension 'ros'
[0.952s] DEBUG:colcon.colcon_core.package_identification:Package 'cv_basics' with type 'ros.ament_python' and name 'cv_basics'
[0.952s] Level 1:colcon.colcon_core.package_identification:_identify(install) by extensions ['ignore', 'ignore_ament_install']
[0.952s] Level 1:colcon.colcon_core.package_identification:_identify(install) by extension 'ignore'
[0.952s] Level 1:colcon.colcon_core.package_identification:_identify(install) ignored
[0.953s] Level 1:colcon.colcon_core.package_identification:_identify(log) by extensions ['ignore', 'ignore_ament_install']
[0.953s] Level 1:colcon.colcon_core.package_identification:_identify(log) by extension 'ignore'
[0.953s] Level 1:colcon.colcon_core.package_identification:_identify(log) ignored
[0.953s] Level 1:colcon.colcon_core.package_identification:_identify(tellobot) by extensions ['ignore', 'ignore_ament_install']
[0.953s] Level 1:colcon.colcon_core.package_identification:_identify(tellobot) by extension 'ignore'
[0.953s] Level 1:colcon.colcon_core.package_identification:_identify(tellobot) by extension 'ignore_ament_install'
[0.954s] Level 1:colcon.colcon_core.package_identification:_identify(tellobot) by extensions ['colcon_pkg']
[0.954s] Level 1:colcon.colcon_core.package_identification:_identify(tellobot) by extension 'colcon_pkg'
[0.954s] Level 1:colcon.colcon_core.package_identification:_identify(tellobot) by extensions ['colcon_meta']
[0.954s] Level 1:colcon.colcon_core.package_identification:_identify(tellobot) by extension 'colcon_meta'
[0.954s] Level 1:colcon.colcon_core.package_identification:_identify(tellobot) by extensions ['ros']
[0.954s] Level 1:colcon.colcon_core.package_identification:_identify(tellobot) by extension 'ros'
[0.956s] DEBUG:colcon.colcon_core.package_identification:Package 'tellobot' with type 'ros.ament_python' and name 'tellobot'
[0.956s] Level 1:colcon.colcon_core.package_discovery:discover_packages(recursive) using defaults
[0.956s] Level 1:colcon.colcon_core.package_discovery:discover_packages(ignore) discover
[0.956s] Level 1:colcon.colcon_core.package_discovery:discover_packages(ignore) using defaults
[0.956s] Level 1:colcon.colcon_core.package_discovery:discover_packages(path) discover
[0.956s] Level 1:colcon.colcon_core.package_discovery:discover_packages(path) using defaults
[1.040s] INFO:colcon.colcon_core.package_selection:Skipping not selected package 'cv_basics' in 'cv_basics'
[1.054s] Level 5:colcon.colcon_core.verb:set package 'tellobot' build argument 'cmake_args' from command line to 'None'
[1.054s] Level 5:colcon.colcon_core.verb:set package 'tellobot' build argument 'cmake_target' from command line to 'None'
[1.054s] Level 5:colcon.colcon_core.verb:set package 'tellobot' build argument 'cmake_target_skip_unavailable' from command line to 'False'
[1.054s] Level 5:colcon.colcon_core.verb:set package 'tellobot' build argument 'cmake_clean_cache' from command line to 'False'
[1.054s] Level 5:colcon.colcon_core.verb:set package 'tellobot' build argument 'cmake_clean_first' from command line to 'False'
[1.054s] Level 5:colcon.colcon_core.verb:set package 'tellobot' build argument 'cmake_force_configure' from command line to 'False'
[1.054s] Level 5:colcon.colcon_core.verb:set package 'tellobot' build argument 'ament_cmake_args' from command line to 'None'
[1.054s] Level 5:colcon.colcon_core.verb:set package 'tellobot' build argument 'catkin_cmake_args' from command line to 'None'
[1.054s] Level 5:colcon.colcon_core.verb:set package 'tellobot' build argument 'catkin_skip_building_tests' from command line to 'False'
[1.054s] DEBUG:colcon.colcon_core.verb:Building package 'tellobot' with the following arguments: {'ament_cmake_args': None, 'build_base': '/Users/peterchau/robotics/ros-drone/src/build/tellobot', 'catkin_cmake_args': None, 'catkin_skip_building_tests': False, 'cmake_args': None, 'cmake_clean_cache': False, 'cmake_clean_first': False, 'cmake_force_configure': False, 'cmake_target': None, 'cmake_target_skip_unavailable': False, 'install_base': '/Users/peterchau/robotics/ros-drone/src/install/tellobot', 'merge_install': False, 'path': '/Users/peterchau/robotics/ros-drone/src/tellobot', 'symlink_install': False, 'test_result_base': None}
[1.057s] INFO:colcon.colcon_core.executor:Executing jobs using 'parallel' executor
[1.079s] DEBUG:colcon.colcon_parallel_executor.executor.parallel:run_until_complete
[1.079s] INFO:colcon.colcon_ros.task.ament_python.build:Building ROS package in '/Users/peterchau/robotics/ros-drone/src/tellobot' with build type 'ament_python'
[1.080s] Level 1:colcon.colcon_core.shell:create_environment_hook('tellobot', 'ament_prefix_path')
[1.098s] INFO:colcon.colcon_core.plugin_system:Skipping extension 'colcon_core.shell.bat': Not used on non-Windows systems
[1.098s] INFO:colcon.colcon_core.shell:Creating environment hook '/Users/peterchau/robotics/ros-drone/src/install/tellobot/share/tellobot/hook/ament_prefix_path.ps1'
[1.099s] INFO:colcon.colcon_core.shell:Creating environment descriptor '/Users/peterchau/robotics/ros-drone/src/install/tellobot/share/tellobot/hook/ament_prefix_path.dsv'
[1.100s] INFO:colcon.colcon_core.shell:Creating environment hook '/Users/peterchau/robotics/ros-drone/src/install/tellobot/share/tellobot/hook/ament_prefix_path.sh'
[1.111s] INFO:colcon.colcon_core.shell:Skip shell extension 'powershell' for command environment: Not usable outside of PowerShell
[1.111s] DEBUG:colcon.colcon_core.shell:Skip shell extension 'dsv' for command environment
[1.121s] WARNING:colcon.colcon_ros.prefix_path.ament:The path '/Users/peterchau/robotics/ros-drone/install/cv_basics' in the environment variable AMENT_PREFIX_PATH doesn't exist
[1.545s] INFO:colcon.colcon_core.task.python.build:Building Python package in '/Users/peterchau/robotics/ros-drone/src/tellobot'
[1.556s] INFO:colcon.colcon_core.shell:Skip shell extension 'powershell' for command environment: Not usable outside of PowerShell
[1.556s] DEBUG:colcon.colcon_core.shell:Skip shell extension 'dsv' for command environment
[1.598s] DEBUG:colcon.colcon_core.event_handler.log_command:Invoking command in '/Users/peterchau/robotics/ros-drone/src/tellobot': PYTHONPATH=/Users/peterchau/robotics/ros-drone/src/install/tellobot/lib/python3.8/site-packages:${PYTHONPATH} SHLVL=3 _=/usr/bin/env /usr/local/opt/python@3.8/bin/python3.8 setup.py egg_info --egg-base ../build/tellobot build --build-base /Users/peterchau/robotics/ros-drone/src/build/tellobot/build install --prefix /Users/peterchau/robotics/ros-drone/src/install/tellobot --record /Users/peterchau/robotics/ros-drone/src/build/tellobot/install.log --single-version-externally-managed
[2.029s] DEBUG:colcon.colcon_core.event_handler.log_command:Invoked command in '/Users/peterchau/robotics/ros-drone/src/tellobot' returned '0': PYTHONPATH=/Users/peterchau/robotics/ros-drone/src/install/tellobot/lib/python3.8/site-packages:${PYTHONPATH} SHLVL=3 _=/usr/bin/env /usr/local/opt/python@3.8/bin/python3.8 setup.py egg_info --egg-base ../build/tellobot build --build-base /Users/peterchau/robotics/ros-drone/src/build/tellobot/build install --prefix /Users/peterchau/robotics/ros-drone/src/install/tellobot --record /Users/peterchau/robotics/ros-drone/src/build/tellobot/install.log --single-version-externally-managed
[2.046s] Level 1:colcon.colcon_core.environment:checking '/Users/peterchau/robotics/ros-drone/src/install/tellobot' for CMake module files
[2.047s] Level 1:colcon.colcon_core.environment:checking '/Users/peterchau/robotics/ros-drone/src/install/tellobot' for CMake config files
[2.048s] Level 1:colcon.colcon_core.environment:checking '/Users/peterchau/robotics/ros-drone/src/install/tellobot/lib'
[2.048s] Level 1:colcon.colcon_core.environment:checking '/Users/peterchau/robotics/ros-drone/src/install/tellobot/bin'
[2.049s] Level 1:colcon.colcon_core.environment:checking '/Users/peterchau/robotics/ros-drone/src/install/tellobot/lib/pkgconfig/tellobot.pc'
[2.049s] Level 1:colcon.colcon_core.environment:checking '/Users/peterchau/robotics/ros-drone/src/install/tellobot/lib/python3.8/site-packages'
[2.049s] Level 1:colcon.colcon_core.shell:create_environment_hook('tellobot', 'pythonpath')
[2.058s] INFO:colcon.colcon_core.shell:Creating environment hook '/Users/peterchau/robotics/ros-drone/src/install/tellobot/share/tellobot/hook/pythonpath.ps1'
[2.059s] INFO:colcon.colcon_core.shell:Creating environment descriptor '/Users/peterchau/robotics/ros-drone/src/install/tellobot/share/tellobot/hook/pythonpath.dsv'
[2.059s] INFO:colcon.colcon_core.shell:Creating environment hook '/Users/peterchau/robotics/ros-drone/src/install/tellobot/share/tellobot/hook/pythonpath.sh'
[2.060s] Level 1:colcon.colcon_core.environment:create_environment_scripts_only(tellobot)
[2.067s] INFO:colcon.colcon_core.shell:Creating package script '/Users/peterchau/robotics/ros-drone/src/install/tellobot/share/tellobot/package.ps1'
[2.069s] INFO:colcon.colcon_core.shell:Creating package descriptor '/Users/peterchau/robotics/ros-drone/src/install/tellobot/share/tellobot/package.dsv'
[2.070s] INFO:colcon.colcon_core.shell:Creating package script '/Users/peterchau/robotics/ros-drone/src/install/tellobot/share/tellobot/package.sh'
[2.072s] INFO:colcon.colcon_core.shell:Creating package script '/Users/peterchau/robotics/ros-drone/src/install/tellobot/share/tellobot/package.bash'
[2.073s] INFO:colcon.colcon_core.shell:Creating package script '/Users/peterchau/robotics/ros-drone/src/install/tellobot/share/tellobot/package.zsh'
[2.074s] Level 1:colcon.colcon_core.environment:create_file_with_runtime_dependencies(/Users/peterchau/robotics/ros-drone/src/install/tellobot/share/colcon-core/packages/tellobot)
[2.075s] DEBUG:colcon.colcon_parallel_executor.executor.parallel:closing loop
[2.075s] DEBUG:colcon.colcon_parallel_executor.executor.parallel:loop closed
[2.075s] DEBUG:colcon.colcon_parallel_executor.executor.parallel:run_until_complete finished with '0'
[2.075s] DEBUG:colcon.colcon_core.event_reactor:joining thread
[2.089s] INFO:colcon.colcon_core.plugin_system:Skipping extension 'colcon_notification.desktop_notification.notify2': 'notify2' not found
[2.089s] INFO:colcon.colcon_core.plugin_system:Skipping extension 'colcon_notification.desktop_notification.notify_send': Not used on non-Linux systems
[2.089s] INFO:colcon.colcon_core.plugin_system:Skipping extension 'colcon_notification.desktop_notification.win32': Not used on non-Windows systems
[2.089s] INFO:colcon.colcon_notification.desktop_notification:Sending desktop notification using 'terminal_notifier'
[2.166s] DEBUG:colcon.colcon_core.event_reactor:joined thread
[2.176s] INFO:colcon.colcon_core.shell:Creating prefix script '/Users/peterchau/robotics/ros-drone/src/install/local_setup.ps1'
[2.179s] INFO:colcon.colcon_core.shell:Creating prefix util module '/Users/peterchau/robotics/ros-drone/src/install/_local_setup_util_ps1.py'
[2.181s] INFO:colcon.colcon_core.shell:Creating prefix chain script '/Users/peterchau/robotics/ros-drone/src/install/setup.ps1'
[2.191s] INFO:colcon.colcon_core.shell:Creating prefix script '/Users/peterchau/robotics/ros-drone/src/install/local_setup.sh'
[2.192s] INFO:colcon.colcon_core.shell:Creating prefix util module '/Users/peterchau/robotics/ros-drone/src/install/_local_setup_util_sh.py'
[2.192s] INFO:colcon.colcon_core.shell:Creating prefix chain script '/Users/peterchau/robotics/ros-drone/src/install/setup.sh'
[2.202s] INFO:colcon.colcon_core.shell:Creating prefix script '/Users/peterchau/robotics/ros-drone/src/install/local_setup.bash'
[2.203s] INFO:colcon.colcon_core.shell:Creating prefix chain script '/Users/peterchau/robotics/ros-drone/src/install/setup.bash'
[2.214s] INFO:colcon.colcon_core.shell:Creating prefix script '/Users/peterchau/robotics/ros-drone/src/install/local_setup.zsh'
[2.215s] INFO:colcon.colcon_core.shell:Creating prefix chain script '/Users/peterchau/robotics/ros-drone/src/install/setup.zsh'
