running egg_info
creating ../build/cv_basics/cv_basics.egg-info
writing ../build/cv_basics/cv_basics.egg-info/PKG-INFO
writing dependency_links to ../build/cv_basics/cv_basics.egg-info/dependency_links.txt
writing entry points to ../build/cv_basics/cv_basics.egg-info/entry_points.txt
writing requirements to ../build/cv_basics/cv_basics.egg-info/requires.txt
writing top-level names to ../build/cv_basics/cv_basics.egg-info/top_level.txt
writing manifest file '../build/cv_basics/cv_basics.egg-info/SOURCES.txt'
reading manifest file '../build/cv_basics/cv_basics.egg-info/SOURCES.txt'
writing manifest file '../build/cv_basics/cv_basics.egg-info/SOURCES.txt'
running build
running build_py
creating /Users/peterchau/robotics/ros-drone/src/build/cv_basics/build
creating /Users/peterchau/robotics/ros-drone/src/build/cv_basics/build/lib
creating /Users/peterchau/robotics/ros-drone/src/build/cv_basics/build/lib/cv_basics
copying cv_basics/webcam_pub.py -> /Users/peterchau/robotics/ros-drone/src/build/cv_basics/build/lib/cv_basics
copying cv_basics/__init__.py -> /Users/peterchau/robotics/ros-drone/src/build/cv_basics/build/lib/cv_basics
running install
running install_lib
creating /Users/peterchau/robotics/ros-drone/src/install/cv_basics/lib/python3.8/site-packages/cv_basics
copying /Users/peterchau/robotics/ros-drone/src/build/cv_basics/build/lib/cv_basics/webcam_pub.py -> /Users/peterchau/robotics/ros-drone/src/install/cv_basics/lib/python3.8/site-packages/cv_basics
copying /Users/peterchau/robotics/ros-drone/src/build/cv_basics/build/lib/cv_basics/__init__.py -> /Users/peterchau/robotics/ros-drone/src/install/cv_basics/lib/python3.8/site-packages/cv_basics
byte-compiling /Users/peterchau/robotics/ros-drone/src/install/cv_basics/lib/python3.8/site-packages/cv_basics/webcam_pub.py to webcam_pub.cpython-38.pyc
byte-compiling /Users/peterchau/robotics/ros-drone/src/install/cv_basics/lib/python3.8/site-packages/cv_basics/__init__.py to __init__.cpython-38.pyc
running install_data
creating /Users/peterchau/robotics/ros-drone/src/install/cv_basics/share/ament_index
creating /Users/peterchau/robotics/ros-drone/src/install/cv_basics/share/ament_index/resource_index
creating /Users/peterchau/robotics/ros-drone/src/install/cv_basics/share/ament_index/resource_index/packages
copying resource/cv_basics -> /Users/peterchau/robotics/ros-drone/src/install/cv_basics/share/ament_index/resource_index/packages
copying package.xml -> /Users/peterchau/robotics/ros-drone/src/install/cv_basics/share/cv_basics
running install_egg_info
Copying ../build/cv_basics/cv_basics.egg-info to /Users/peterchau/robotics/ros-drone/src/install/cv_basics/lib/python3.8/site-packages/cv_basics-0.0.0-py3.8.egg-info
running install_scripts
Installing img_publisher script to /Users/peterchau/robotics/ros-drone/src/install/cv_basics/lib/cv_basics
writing list of installed files to '/Users/peterchau/robotics/ros-drone/src/build/cv_basics/install.log'
/usr/local/lib/python3.8/site-packages/setuptools/dist.py:642: UserWarning: Usage of dash-separated 'script-dir' will not be supported in future versions. Please use the underscore name 'script_dir' instead
  warnings.warn(
/usr/local/lib/python3.8/site-packages/setuptools/dist.py:642: UserWarning: Usage of dash-separated 'install-scripts' will not be supported in future versions. Please use the underscore name 'install_scripts' instead
  warnings.warn(
