[0.474s] Invoking command in '/Users/peterchau/robotics/ros-drone/src/cv_basics': PYTHONPATH=/Users/peterchau/robotics/ros-drone/src/install/cv_basics/lib/python3.8/site-packages:${PYTHONPATH} SHLVL=3 _=/usr/bin/env /usr/local/opt/python@3.8/bin/python3.8 setup.py egg_info --egg-base ../build/cv_basics build --build-base /Users/peterchau/robotics/ros-drone/src/build/cv_basics/build install --prefix /Users/peterchau/robotics/ros-drone/src/install/cv_basics --record /Users/peterchau/robotics/ros-drone/src/build/cv_basics/install.log --single-version-externally-managed
[0.732s] running egg_info
[0.733s] creating ../build/cv_basics/cv_basics.egg-info
[0.733s] writing ../build/cv_basics/cv_basics.egg-info/PKG-INFO
[0.734s] writing dependency_links to ../build/cv_basics/cv_basics.egg-info/dependency_links.txt
[0.735s] writing entry points to ../build/cv_basics/cv_basics.egg-info/entry_points.txt
[0.735s] writing requirements to ../build/cv_basics/cv_basics.egg-info/requires.txt
[0.735s] writing top-level names to ../build/cv_basics/cv_basics.egg-info/top_level.txt
[0.736s] writing manifest file '../build/cv_basics/cv_basics.egg-info/SOURCES.txt'
[0.763s] reading manifest file '../build/cv_basics/cv_basics.egg-info/SOURCES.txt'
[0.764s] writing manifest file '../build/cv_basics/cv_basics.egg-info/SOURCES.txt'
[0.764s] running build
[0.764s] running build_py
[0.764s] creating /Users/peterchau/robotics/ros-drone/src/build/cv_basics/build
[0.765s] creating /Users/peterchau/robotics/ros-drone/src/build/cv_basics/build/lib
[0.765s] creating /Users/peterchau/robotics/ros-drone/src/build/cv_basics/build/lib/cv_basics
[0.765s] copying cv_basics/webcam_pub.py -> /Users/peterchau/robotics/ros-drone/src/build/cv_basics/build/lib/cv_basics
[0.765s] copying cv_basics/__init__.py -> /Users/peterchau/robotics/ros-drone/src/build/cv_basics/build/lib/cv_basics
[0.765s] running install
[0.765s] running install_lib
[0.767s] creating /Users/peterchau/robotics/ros-drone/src/install/cv_basics/lib/python3.8/site-packages/cv_basics
[0.767s] copying /Users/peterchau/robotics/ros-drone/src/build/cv_basics/build/lib/cv_basics/webcam_pub.py -> /Users/peterchau/robotics/ros-drone/src/install/cv_basics/lib/python3.8/site-packages/cv_basics
[0.767s] copying /Users/peterchau/robotics/ros-drone/src/build/cv_basics/build/lib/cv_basics/__init__.py -> /Users/peterchau/robotics/ros-drone/src/install/cv_basics/lib/python3.8/site-packages/cv_basics
[0.768s] byte-compiling /Users/peterchau/robotics/ros-drone/src/install/cv_basics/lib/python3.8/site-packages/cv_basics/webcam_pub.py to webcam_pub.cpython-38.pyc
[0.769s] byte-compiling /Users/peterchau/robotics/ros-drone/src/install/cv_basics/lib/python3.8/site-packages/cv_basics/__init__.py to __init__.cpython-38.pyc
[0.770s] running install_data
[0.771s] creating /Users/peterchau/robotics/ros-drone/src/install/cv_basics/share/ament_index
[0.772s] creating /Users/peterchau/robotics/ros-drone/src/install/cv_basics/share/ament_index/resource_index
[0.772s] creating /Users/peterchau/robotics/ros-drone/src/install/cv_basics/share/ament_index/resource_index/packages
[0.772s] copying resource/cv_basics -> /Users/peterchau/robotics/ros-drone/src/install/cv_basics/share/ament_index/resource_index/packages
[0.772s] copying package.xml -> /Users/peterchau/robotics/ros-drone/src/install/cv_basics/share/cv_basics
[0.772s] running install_egg_info
[0.777s] Copying ../build/cv_basics/cv_basics.egg-info to /Users/peterchau/robotics/ros-drone/src/install/cv_basics/lib/python3.8/site-packages/cv_basics-0.0.0-py3.8.egg-info
[0.781s] running install_scripts
[0.828s] Installing img_publisher script to /Users/peterchau/robotics/ros-drone/src/install/cv_basics/lib/cv_basics
[0.829s] writing list of installed files to '/Users/peterchau/robotics/ros-drone/src/build/cv_basics/install.log'
[0.829s] /usr/local/lib/python3.8/site-packages/setuptools/dist.py:642: UserWarning: Usage of dash-separated 'script-dir' will not be supported in future versions. Please use the underscore name 'script_dir' instead
[0.830s]   warnings.warn(
[0.830s] /usr/local/lib/python3.8/site-packages/setuptools/dist.py:642: UserWarning: Usage of dash-separated 'install-scripts' will not be supported in future versions. Please use the underscore name 'install_scripts' instead
[0.830s]   warnings.warn(
[0.858s] Invoked command in '/Users/peterchau/robotics/ros-drone/src/cv_basics' returned '0': PYTHONPATH=/Users/peterchau/robotics/ros-drone/src/install/cv_basics/lib/python3.8/site-packages:${PYTHONPATH} SHLVL=3 _=/usr/bin/env /usr/local/opt/python@3.8/bin/python3.8 setup.py egg_info --egg-base ../build/cv_basics build --build-base /Users/peterchau/robotics/ros-drone/src/build/cv_basics/build install --prefix /Users/peterchau/robotics/ros-drone/src/install/cv_basics --record /Users/peterchau/robotics/ros-drone/src/build/cv_basics/install.log --single-version-externally-managed
