[0.000000] (-) TimerEvent: {}
[0.000322] (-) JobUnselected: {'identifier': 'cv_basics'}
[0.000470] (tellobot) JobQueued: {'identifier': 'tellobot', 'dependencies': OrderedDict()}
[0.002830] (tellobot) JobStarted: {'identifier': 'tellobot'}
[0.104766] (-) TimerEvent: {}
[0.206479] (-) TimerEvent: {}
[0.310557] (-) TimerEvent: {}
[0.415364] (-) TimerEvent: {}
[0.439374] (tellobot) Command: {'cmd': ['/usr/local/opt/python@3.8/bin/python3.8', 'setup.py', 'egg_info', '--egg-base', '../build/tellobot', 'build', '--build-base', '/Users/peterchau/robotics/ros-drone/src/build/tellobot/build', 'install', '--prefix', '/Users/peterchau/robotics/ros-drone/src/install/tellobot', '--record', '/Users/peterchau/robotics/ros-drone/src/build/tellobot/install.log', '--single-version-externally-managed'], 'cwd': '/Users/peterchau/robotics/ros-drone/src/tellobot', 'env': {'AUTOJUMP_ERROR_PATH': '/Users/peterchau/Library/autojump/errors.log', '__GIT_PROMPT_IGNORE_STASH': '', 'TERM_PROGRAM': 'tmux', 'ANDROID_HOME': '/Users/peterchau/Library/Android/sdk', 'AUTOJUMP_SOURCED': '1', 'NVM_CD_FLAGS': '', 'SHELL': '/bin/bash', 'TERM': 'screen-256color', 'TMPDIR': '/var/folders/ln/_888p6tn7wx6b5qdykjk1clr0000gn/T/', 'CONDA_SHLVL': '0', 'TERM_PROGRAM_VERSION': '3.2', 'ROS_PYTHON_VERSION': '3', 'TERM_SESSION_ID': 'w0t0p0:D994F6D7-36AC-45DD-807D-0808CFF9CFB5', 'COLCON_PREFIX_PATH': '/Users/peterchau/robotics/ros-drone/src/install:/Users/peterchau/learn_ros/sample_ws/src/my_package/install:/Users/peterchau/learn_ros/sample_ws/install:/Users/peterchau/ros:/Users/peterchau/learn_ros/sample_ws/src/install:/Users/peterchau/robotics/ros-drone/install', 'ROS_VERSION': '2', 'AMENT_PREFIX_PATH': '/Users/peterchau/robotics/ros-drone/src/install/tellobot:/Users/peterchau/robotics/ros-drone/src/install/cv_basics:/Users/peterchau/robotics/ros-drone/install/cv_basics:/Users/peterchau/robotics/ros-drone/install/tellobot:/Users/peterchau/learn_ros/sample_ws/src/my_package/install/my_package:/Users/peterchau/learn_ros/sample_ws/install/test_pkg:/Users/peterchau/learn_ros/sample_ws/install/my_package:/Users/peterchau/learn_ros/sample_ws/src/install/my_package:/Users/peterchau/ros', '__GIT_PROMPT_SHOW_UPSTREAM': '', 'NVM_DIR': '/Users/peterchau/.nvm', 'USER': 'peterchau', '__GIT_PROMPT_SHOW_UNTRACKED_FILES': 'all', 'COMMAND_MODE': 'unix2003', 'CONDA_EXE': '/opt/anaconda3/bin/conda', 'SSH_AUTH_SOCK': '/Users/peterchau/.gnupg/S.gpg-agent.ssh', '__CF_USER_TEXT_ENCODING': '0x1F5:0x0:0x52', 'PIVOTAL_API_TOKEN': '1b00da4946ad14548d0d50a960383609', 'TMUX': '/private/tmp/tmux-501/default,1090,14', '_CE_CONDA': '', 'PATH': '/usr/local/opt/opencv@2/bin:/usr/local/opt/opencv@2/bin:/Users/peterchau/ros/bin:/usr/local/opt/opencv@3/bin:/usr/local/opt/opencv@3/bin:/usr/local/opt/opencv@3/bin:/usr/local/opt/python@3.8/bin:/Users/peterchau/.nvm/versions/node/v8.14.1/bin:/Library/Java/JavaVirtualMachines/jdk1.8.0_192.jdk/Contents/Home/bin:/usr/local/bin:/usr/bin:/bin:/usr/sbin:/sbin:/usr/local/go/bin:/usr/local/share/dotnet:/opt/X11/bin:~/.dotnet/tools:/Library/Apple/usr/bin:/Library/Frameworks/Mono.framework/Versions/Current/Commands:/Users/peterchau/src/peartherapeutics/dev-utils:~/Library/Android/sdk/platform-tools:~/Library/Android/sdk/tools:/usr/local/go/bin', '__CFBundleIdentifier': 'com.googlecode.iterm2', 'PWD': '/Users/peterchau/robotics/ros-drone/src/build/tellobot', 'COLCON': '1', 'JAVA_HOME': '/Library/Java/JavaVirtualMachines/jdk1.8.0_192.jdk/Contents/Home', 'AWS_SECRET_ACCESS_KEY': '6sRw1GqK0Z6MaFvDf13F2VllEtXcrU8JTUekpWg3', 'LANG': 'en_CA.UTF-8', 'ITERM_PROFILE': 'Default', 'TMUX_PANE': '%29', 'XPC_FLAGS': '0x0', 'XPC_SERVICE_NAME': '0', '_CE_M': '', 'AWS_ACCESS_KEY_ID': 'AKIAJURBCBKK7GPGB4VQ', 'GPG_TTY': '/dev/ttys029', 'COLORFGBG': '15;0', 'HOME': '/Users/peterchau', 'SHLVL': '3', 'ROS_DISTRO': 'eloquent', 'LC_TERMINAL_VERSION': '3.4.6', 'GIT_BRANCH': 'main', 'PEAR_DEV_UTILS_PATH': '/Users/peterchau/src/peartherapeutics/dev-utils', '__GIT_PROMPT_SHOW_CHANGED_FILES_COUNT': '1', 'DYLD_LIBRARY_PATH': '/Users/peterchau/ros/opt/yaml_cpp_vendor/lib:/Users/peterchau/ros/opt/rviz_ogre_vendor/lib:/Users/peterchau/ros/lib', 'ITERM_SESSION_ID': 'w0t0p0:D994F6D7-36AC-45DD-807D-0808CFF9CFB5', '__GIT_PROMPT_IGNORE_SUBMODULES': '', 'CONDA_PYTHON_EXE': '/opt/anaconda3/bin/python', 'LOGNAME': 'peterchau', 'PYTHONPATH': '/Users/peterchau/robotics/ros-drone/src/install/tellobot/lib/python3.8/site-packages:/Users/peterchau/robotics/ros-drone/src/install/tellobot/lib/python3.8/site-packages:/Users/peterchau/robotics/ros-drone/src/install/cv_basics/lib/python3.8/site-packages:/Users/peterchau/robotics/ros-drone/install/cv_basics/lib/python3.8/site-packages:/Users/peterchau/robotics/ros-drone/install/tellobot/lib/python3.8/site-packages:/Users/peterchau/learn_ros/sample_ws/src/my_package/install/my_package/lib/python3.8/site-packages:/Users/peterchau/learn_ros/sample_ws/install/test_pkg/lib/python3.8/site-packages:/Users/peterchau/learn_ros/sample_ws/install/my_package/lib/python3.8/site-packages:/Users/peterchau/learn_ros/sample_ws/src/install/my_package/lib/python3.8/site-packages:/Users/peterchau/ros/lib/python3.8/site-packages', 'TMUX_PLUGIN_MANAGER_PATH': '/Users/peterchau/.tmux/plugins/', 'NVM_BIN': '/Users/peterchau/.nvm/versions/node/v8.14.1/bin', 'PKG_CONFIG_PATH': '/Users/peterchau/ros/lib/pkgconfig', 'DISPLAY': '/private/tmp/com.apple.launchd.DC5bUOJQ2h/org.macosforge.xquartz:0', 'LC_TERMINAL': 'iTerm2', 'CMAKE_PREFIX_PATH': '/Users/peterchau/ros', 'ROS_LOCALHOST_ONLY': '0', 'COLORTERM': 'truecolor', '_': '/usr/bin/env'}, 'shell': False}
[0.518434] (-) TimerEvent: {}
[0.619892] (-) TimerEvent: {}
[0.705838] (tellobot) StdoutLine: {'line': b'running egg_info\n'}
[0.706276] (tellobot) StdoutLine: {'line': b'writing ../build/tellobot/tellobot.egg-info/PKG-INFO\n'}
[0.707934] (tellobot) StdoutLine: {'line': b'writing dependency_links to ../build/tellobot/tellobot.egg-info/dependency_links.txt\n'}
[0.708270] (tellobot) StdoutLine: {'line': b'writing entry points to ../build/tellobot/tellobot.egg-info/entry_points.txt\n'}
[0.708619] (tellobot) StdoutLine: {'line': b'writing requirements to ../build/tellobot/tellobot.egg-info/requires.txt\n'}
[0.708839] (tellobot) StdoutLine: {'line': b'writing top-level names to ../build/tellobot/tellobot.egg-info/top_level.txt\n'}
[0.721156] (-) TimerEvent: {}
[0.729028] (tellobot) StdoutLine: {'line': b"reading manifest file '../build/tellobot/tellobot.egg-info/SOURCES.txt'\n"}
[0.730045] (tellobot) StdoutLine: {'line': b"writing manifest file '../build/tellobot/tellobot.egg-info/SOURCES.txt'\n"}
[0.730368] (tellobot) StdoutLine: {'line': b'running build\n'}
[0.730480] (tellobot) StdoutLine: {'line': b'running build_py\n'}
[0.730915] (tellobot) StdoutLine: {'line': b'copying tellobot/gui_buttons.py -> /Users/peterchau/robotics/ros-drone/src/build/tellobot/build/lib/tellobot\n'}
[0.731334] (tellobot) StdoutLine: {'line': b'copying tellobot/cvui.py -> /Users/peterchau/robotics/ros-drone/src/build/tellobot/build/lib/tellobot\n'}
[0.732403] (tellobot) StdoutLine: {'line': b'running install\n'}
[0.732814] (tellobot) StdoutLine: {'line': b'running install_lib\n'}
[0.733795] (tellobot) StdoutLine: {'line': b'copying /Users/peterchau/robotics/ros-drone/src/build/tellobot/build/lib/tellobot/gui_buttons.py -> /Users/peterchau/robotics/ros-drone/src/install/tellobot/lib/python3.8/site-packages/tellobot\n'}
[0.734181] (tellobot) StdoutLine: {'line': b'copying /Users/peterchau/robotics/ros-drone/src/build/tellobot/build/lib/tellobot/cvui.py -> /Users/peterchau/robotics/ros-drone/src/install/tellobot/lib/python3.8/site-packages/tellobot\n'}
[0.735715] (tellobot) StdoutLine: {'line': b'byte-compiling /Users/peterchau/robotics/ros-drone/src/install/tellobot/lib/python3.8/site-packages/tellobot/gui_buttons.py to gui_buttons.cpython-38.pyc\n'}
[0.736404] (tellobot) StdoutLine: {'line': b'byte-compiling /Users/peterchau/robotics/ros-drone/src/install/tellobot/lib/python3.8/site-packages/tellobot/cvui.py to cvui.cpython-38.pyc\n'}
[0.743000] (tellobot) StdoutLine: {'line': b'running install_data\n'}
[0.743556] (tellobot) StdoutLine: {'line': b'copying package.xml -> /Users/peterchau/robotics/ros-drone/src/install/tellobot/share/tellobot\n'}
[0.743842] (tellobot) StdoutLine: {'line': b'running install_egg_info\n'}
[0.745663] (tellobot) StdoutLine: {'line': b"removing '/Users/peterchau/robotics/ros-drone/src/install/tellobot/lib/python3.8/site-packages/tellobot-0.0.0-py3.8.egg-info' (and everything under it)\n"}
[0.746493] (tellobot) StdoutLine: {'line': b'Copying ../build/tellobot/tellobot.egg-info to /Users/peterchau/robotics/ros-drone/src/install/tellobot/lib/python3.8/site-packages/tellobot-0.0.0-py3.8.egg-info\n'}
[0.749606] (tellobot) StdoutLine: {'line': b'running install_scripts\n'}
[0.795976] (tellobot) StdoutLine: {'line': b'Installing ai_node script to /Users/peterchau/robotics/ros-drone/src/install/tellobot/lib/tellobot\n'}
[0.796415] (tellobot) StdoutLine: {'line': b'Installing camera_pub_node script to /Users/peterchau/robotics/ros-drone/src/install/tellobot/lib/tellobot\n'}
[0.796714] (tellobot) StdoutLine: {'line': b'Installing gui_buttons_node script to /Users/peterchau/robotics/ros-drone/src/install/tellobot/lib/tellobot\n'}
[0.797013] (tellobot) StdoutLine: {'line': b'Installing gui_node script to /Users/peterchau/robotics/ros-drone/src/install/tellobot/lib/tellobot\n'}
[0.797309] (tellobot) StdoutLine: {'line': b'Installing pose_ml_node script to /Users/peterchau/robotics/ros-drone/src/install/tellobot/lib/tellobot\n'}
[0.798542] (tellobot) StdoutLine: {'line': b"writing list of installed files to '/Users/peterchau/robotics/ros-drone/src/build/tellobot/install.log'\n"}
[0.799287] (tellobot) StderrLine: {'line': b"/usr/local/lib/python3.8/site-packages/setuptools/dist.py:642: UserWarning: Usage of dash-separated 'script-dir' will not be supported in future versions. Please use the underscore name 'script_dir' instead\n"}
[0.799558] (tellobot) StderrLine: {'line': b'  warnings.warn(\n'}
[0.799730] (tellobot) StderrLine: {'line': b"/usr/local/lib/python3.8/site-packages/setuptools/dist.py:642: UserWarning: Usage of dash-separated 'install-scripts' will not be supported in future versions. Please use the underscore name 'install_scripts' instead\n"}
[0.799896] (tellobot) StderrLine: {'line': b'  warnings.warn(\n'}
[0.800053] (tellobot) StderrLine: {'line': b'  File "/Users/peterchau/robotics/ros-drone/src/install/tellobot/lib/python3.8/site-packages/tellobot/cvui.py", line 2622\n'}
[0.800229] (tellobot) StderrLine: {'line': b'    __internal.begin(COLUMN, aBlock.where, aBlock.anchor.x, aBlock.anchor.y, aWidth, aHeight, aPadding)"""\n'}
[0.800450] (tellobot) StderrLine: {'line': b'A (very) simple UI lib built on top of OpenCV drawing primitives.\n'}
[0.800614] (tellobot) StderrLine: {'line': b'Version: 2.7\n'}
[0.800770] (tellobot) StderrLine: {'line': b'Use of cvui revolves around calling cvui.init() to initialize the lib,\n'}
[0.800926] (tellobot) StderrLine: {'line': b'rendering cvui components to a np.ndarray (that you handle yourself) and\n'}
[0.801080] (tellobot) StderrLine: {'line': b'finally showing that np.ndarray on the screen using cvui.imshow(), which\n'}
[0.801259] (tellobot) StderrLine: {'line': b"is cvui's version of cv2.imshow(). Alternatively you can use cv2.imshow()\n"}
[0.801421] (tellobot) StderrLine: {'line': b'to show things, but in such case you must call cvui.update() yourself\n'}
[0.801590] (tellobot) StderrLine: {'line': b'before calling cv.imshow().\n'}
[0.801758] (tellobot) StderrLine: {'line': b'E.g.:\n'}
[0.801925] (tellobot) StderrLine: {'line': b'\timport numpy as np\n'}
[0.802107] (tellobot) StderrLine: {'line': b'\timport cv2\n'}
[0.802310] (tellobot) StderrLine: {'line': b'\timport cvui\n'}
[0.802493] (tellobot) StderrLine: {'line': b"\tWINDOW_NAME = 'CVUI Hello World!'\n"}
[0.802675] (tellobot) StderrLine: {'line': b'\tframe = np.zeros((200, 500, 3), np.uint8)\n'}
[0.802857] (tellobot) StderrLine: {'line': b'\tcvui.init(WINDOW_NAME)\n'}
[0.803056] (tellobot) StderrLine: {'line': b'\twhile (True):\n'}
[0.803226] (tellobot) StderrLine: {'line': b'\t\t# Fill the frame with a nice color\n'}
[0.803394] (tellobot) StderrLine: {'line': b'\t\tframe[:] = (49, 52, 49)\n'}
[0.803575] (tellobot) StderrLine: {'line': b"\t\tcvui.text(frame, x, y, 'Hello world!')\n"}
[0.803754] (tellobot) StderrLine: {'line': b'\t\tcvui.imshow(WINDOW_NAME, frame)\n'}
[0.803930] (tellobot) StderrLine: {'line': b'\t\tif cv2.waitKey(20) == 27:\n'}
[0.804103] (tellobot) StderrLine: {'line': b'\t\t\tbreak\n'}
[0.804269] (tellobot) StderrLine: {'line': b'Read the full documentation at https://dovyski.github.io/cvui/\n'}
[0.804484] (tellobot) StderrLine: {'line': b'Copyright (c) 2018 Fernando Bevilacqua <dovyski@gmail.com>\n'}
[0.804670] (tellobot) StderrLine: {'line': b'Licensed under the MIT license.\n'}
[0.804855] (tellobot) StderrLine: {'line': b'"""\n'}
[0.805032] (tellobot) StderrLine: {'line': b'                                                                                                       ^\n'}
[0.805219] (tellobot) StderrLine: {'line': b'SyntaxError: invalid syntax\n'}
[0.805390] (tellobot) StderrLine: {'line': b'\n'}
[0.821902] (-) TimerEvent: {}
[0.834223] (tellobot) CommandEnded: {'returncode': 0}
[0.874079] (tellobot) JobEnded: {'identifier': 'tellobot', 'rc': 0}
[0.875750] (-) EventReactorShutdown: {}
