/Users/peterchau/robotics/ros-drone/src/install/tellobot/lib/python3.8/site-packages/tellobot/fake_drone.py
/Users/peterchau/robotics/ros-drone/src/install/tellobot/lib/python3.8/site-packages/tellobot/ai.py
/Users/peterchau/robotics/ros-drone/src/install/tellobot/lib/python3.8/site-packages/tellobot/ai_node.py
/Users/peterchau/robotics/ros-drone/src/install/tellobot/lib/python3.8/site-packages/tellobot/gui_camera.py
/Users/peterchau/robotics/ros-drone/src/install/tellobot/lib/python3.8/site-packages/tellobot/__init__.py
/Users/peterchau/robotics/ros-drone/src/install/tellobot/lib/python3.8/site-packages/tellobot/drone_node.py
/Users/peterchau/robotics/ros-drone/src/install/tellobot/lib/python3.8/site-packages/tellobot/tello_camera.py
/Users/peterchau/robotics/ros-drone/src/install/tellobot/lib/python3.8/site-packages/tellobot/gui_buttons.py
/Users/peterchau/robotics/ros-drone/src/install/tellobot/lib/python3.8/site-packages/tellobot/tello_drone.py
/Users/peterchau/robotics/ros-drone/src/install/tellobot/lib/python3.8/site-packages/tellobot/gui_camera_node.py
/Users/peterchau/robotics/ros-drone/src/install/tellobot/lib/python3.8/site-packages/tellobot/camera_node.py
/Users/peterchau/robotics/ros-drone/src/install/tellobot/lib/python3.8/site-packages/tellobot/cvui.py
/Users/peterchau/robotics/ros-drone/src/install/tellobot/lib/python3.8/site-packages/tellobot/pose_ml.py
/Users/peterchau/robotics/ros-drone/src/install/tellobot/lib/python3.8/site-packages/tellobot/pose_ml_node.py
/Users/peterchau/robotics/ros-drone/src/install/tellobot/lib/python3.8/site-packages/tellobot/gui_buttons_node.py
/Users/peterchau/robotics/ros-drone/src/install/tellobot/lib/python3.8/site-packages/tellobot/cmds.py
/Users/peterchau/robotics/ros-drone/src/install/tellobot/lib/python3.8/site-packages/tellobot/web_camera.py
/Users/peterchau/robotics/ros-drone/src/install/tellobot/lib/python3.8/site-packages/libh264decoder/__init__.py
/Users/peterchau/robotics/ros-drone/src/install/tellobot/lib/python3.8/site-packages/tellobot/__pycache__/fake_drone.cpython-38.pyc
/Users/peterchau/robotics/ros-drone/src/install/tellobot/lib/python3.8/site-packages/tellobot/__pycache__/ai.cpython-38.pyc
/Users/peterchau/robotics/ros-drone/src/install/tellobot/lib/python3.8/site-packages/tellobot/__pycache__/ai_node.cpython-38.pyc
/Users/peterchau/robotics/ros-drone/src/install/tellobot/lib/python3.8/site-packages/tellobot/__pycache__/gui_camera.cpython-38.pyc
/Users/peterchau/robotics/ros-drone/src/install/tellobot/lib/python3.8/site-packages/tellobot/__pycache__/__init__.cpython-38.pyc
/Users/peterchau/robotics/ros-drone/src/install/tellobot/lib/python3.8/site-packages/tellobot/__pycache__/drone_node.cpython-38.pyc
/Users/peterchau/robotics/ros-drone/src/install/tellobot/lib/python3.8/site-packages/tellobot/__pycache__/tello_camera.cpython-38.pyc
/Users/peterchau/robotics/ros-drone/src/install/tellobot/lib/python3.8/site-packages/tellobot/__pycache__/gui_buttons.cpython-38.pyc
/Users/peterchau/robotics/ros-drone/src/install/tellobot/lib/python3.8/site-packages/tellobot/__pycache__/tello_drone.cpython-38.pyc
/Users/peterchau/robotics/ros-drone/src/install/tellobot/lib/python3.8/site-packages/tellobot/__pycache__/gui_camera_node.cpython-38.pyc
/Users/peterchau/robotics/ros-drone/src/install/tellobot/lib/python3.8/site-packages/tellobot/__pycache__/camera_node.cpython-38.pyc
/Users/peterchau/robotics/ros-drone/src/install/tellobot/lib/python3.8/site-packages/tellobot/__pycache__/cvui.cpython-38.pyc
/Users/peterchau/robotics/ros-drone/src/install/tellobot/lib/python3.8/site-packages/tellobot/__pycache__/pose_ml.cpython-38.pyc
/Users/peterchau/robotics/ros-drone/src/install/tellobot/lib/python3.8/site-packages/tellobot/__pycache__/pose_ml_node.cpython-38.pyc
/Users/peterchau/robotics/ros-drone/src/install/tellobot/lib/python3.8/site-packages/tellobot/__pycache__/gui_buttons_node.cpython-38.pyc
/Users/peterchau/robotics/ros-drone/src/install/tellobot/lib/python3.8/site-packages/tellobot/__pycache__/cmds.cpython-38.pyc
/Users/peterchau/robotics/ros-drone/src/install/tellobot/lib/python3.8/site-packages/tellobot/__pycache__/web_camera.cpython-38.pyc
/Users/peterchau/robotics/ros-drone/src/install/tellobot/lib/python3.8/site-packages/libh264decoder/__pycache__/__init__.cpython-38.pyc
/Users/peterchau/robotics/ros-drone/src/install/tellobot/share/ament_index/resource_index/packages/tellobot
/Users/peterchau/robotics/ros-drone/src/install/tellobot/share/tellobot/package.xml
/Users/peterchau/robotics/ros-drone/src/install/tellobot/share/tellobot/launch/tello.launch.py
/Users/peterchau/robotics/ros-drone/src/install/tellobot/share/tellobot/launch/basic.launch.py
/Users/peterchau/robotics/ros-drone/src/install/tellobot/share/tellobot/launch/tello_camera.launch.py
/Users/peterchau/robotics/ros-drone/src/install/tellobot/lib/python3.8/site-packages/tellobot-0.0.0-py3.8.egg-info/PKG-INFO
/Users/peterchau/robotics/ros-drone/src/install/tellobot/lib/python3.8/site-packages/tellobot-0.0.0-py3.8.egg-info/zip-safe
/Users/peterchau/robotics/ros-drone/src/install/tellobot/lib/python3.8/site-packages/tellobot-0.0.0-py3.8.egg-info/SOURCES.txt
/Users/peterchau/robotics/ros-drone/src/install/tellobot/lib/python3.8/site-packages/tellobot-0.0.0-py3.8.egg-info/entry_points.txt
/Users/peterchau/robotics/ros-drone/src/install/tellobot/lib/python3.8/site-packages/tellobot-0.0.0-py3.8.egg-info/requires.txt
/Users/peterchau/robotics/ros-drone/src/install/tellobot/lib/python3.8/site-packages/tellobot-0.0.0-py3.8.egg-info/top_level.txt
/Users/peterchau/robotics/ros-drone/src/install/tellobot/lib/python3.8/site-packages/tellobot-0.0.0-py3.8.egg-info/dependency_links.txt
/Users/peterchau/robotics/ros-drone/src/install/tellobot/lib/tellobot/ai_node
/Users/peterchau/robotics/ros-drone/src/install/tellobot/lib/tellobot/camera_node
/Users/peterchau/robotics/ros-drone/src/install/tellobot/lib/tellobot/drone_node
/Users/peterchau/robotics/ros-drone/src/install/tellobot/lib/tellobot/gui_buttons_node
/Users/peterchau/robotics/ros-drone/src/install/tellobot/lib/tellobot/gui_camera_node
/Users/peterchau/robotics/ros-drone/src/install/tellobot/lib/tellobot/pose_ml_node
