[0.000000] (-) TimerEvent: {}
[0.000350] (tellobot) JobQueued: {'identifier': 'tellobot', 'dependencies': OrderedDict()}
[0.000558] (tellobot) JobStarted: {'identifier': 'tellobot'}
[0.102761] (-) TimerEvent: {}
[0.206423] (-) TimerEvent: {}
[0.307102] (-) TimerEvent: {}
[0.412378] (-) TimerEvent: {}
[0.438409] (tellobot) Command: {'cmd': ['/usr/local/opt/python@3.8/bin/python3.8', 'setup.py', 'egg_info', '--egg-base', '../build/tellobot', 'build', '--build-base', '/Users/peterchau/robotics/ros-drone/src/build/tellobot/build', 'install', '--prefix', '/Users/peterchau/robotics/ros-drone/src/install/tellobot', '--record', '/Users/peterchau/robotics/ros-drone/src/build/tellobot/install.log', '--single-version-externally-managed'], 'cwd': '/Users/peterchau/robotics/ros-drone/src/tellobot', 'env': {'AUTOJUMP_ERROR_PATH': '/Users/peterchau/Library/autojump/errors.log', '__GIT_PROMPT_IGNORE_STASH': '', 'TERM_PROGRAM': 'tmux', 'ANDROID_HOME': '/Users/peterchau/Library/Android/sdk', 'AUTOJUMP_SOURCED': '1', 'NVM_CD_FLAGS': '', 'SHELL': '/bin/bash', 'TERM': 'screen-256color', 'TMPDIR': '/var/folders/ln/_888p6tn7wx6b5qdykjk1clr0000gn/T/', 'CONDA_SHLVL': '1', 'CONDA_PROMPT_MODIFIER': '(base)', 'TERM_PROGRAM_VERSION': '3.2', 'ROS_PYTHON_VERSION': '3', 'TERM_SESSION_ID': 'w0t0p0:67BE9EDE-617E-4CC3-83AE-03E6153D5777', 'COLCON_PREFIX_PATH': '/Users/peterchau/robotics/ros-drone/src/install:/Users/peterchau/ros', 'ROS_VERSION': '2', 'AMENT_PREFIX_PATH': '/Users/peterchau/robotics/ros-drone/src/install/tellobot:/Users/peterchau/ros', '__GIT_PROMPT_SHOW_UPSTREAM': '', 'NVM_DIR': '/Users/peterchau/.nvm', 'USER': 'peterchau', '__GIT_PROMPT_SHOW_UNTRACKED_FILES': 'all', 'COMMAND_MODE': 'unix2003', 'CONDA_EXE': '/opt/anaconda3/bin/conda', 'SSH_AUTH_SOCK': '/Users/peterchau/.gnupg/S.gpg-agent.ssh', '__CF_USER_TEXT_ENCODING': '0x1F5:0x0:0x52', 'PIVOTAL_API_TOKEN': '1b00da4946ad14548d0d50a960383609', 'TMUX': '/private/tmp/tmux-501/default,1073,16', '_CE_CONDA': '', 'PATH': '/Users/peterchau/ros/bin:/usr/local/opt/opencv@2/bin:/usr/local/opt/opencv@2/bin:/usr/local/opt/opencv@2/bin:/usr/local/opt/opencv@3/bin:/usr/local/opt/python@3.8/bin:/opt/anaconda3/bin:/Users/peterchau/.nvm/versions/node/v8.14.1/bin:/Library/Java/JavaVirtualMachines/jdk1.8.0_192.jdk/Contents/Home/bin:/usr/local/bin:/usr/bin:/bin:/usr/sbin:/sbin:/usr/local/go/bin:/usr/local/share/dotnet:/opt/X11/bin:~/.dotnet/tools:/Library/Apple/usr/bin:/Library/Frameworks/Mono.framework/Versions/Current/Commands:/Users/peterchau/src/peartherapeutics/dev-utils:~/Library/Android/sdk/platform-tools:~/Library/Android/sdk/tools:/usr/local/go/bin', 'LaunchInstanceID': '8EBBDE82-6231-418C-9941-F8FBE71DC133', 'CONDA_PREFIX': '/opt/anaconda3', '__CFBundleIdentifier': 'com.googlecode.iterm2', 'PWD': '/Users/peterchau/robotics/ros-drone/src/build/tellobot', 'COLCON': '1', 'JAVA_HOME': '/Library/Java/JavaVirtualMachines/jdk1.8.0_192.jdk/Contents/Home', 'AWS_SECRET_ACCESS_KEY': '6sRw1GqK0Z6MaFvDf13F2VllEtXcrU8JTUekpWg3', 'LANG': 'en_CA.UTF-8', 'ITERM_PROFILE': 'Default', 'TMUX_PANE': '%33', 'XPC_FLAGS': '0x0', 'XPC_SERVICE_NAME': '0', '_CE_M': '', 'AWS_ACCESS_KEY_ID': 'AKIAJURBCBKK7GPGB4VQ', 'GPG_TTY': '/dev/ttys033', 'COLORFGBG': '15;0', 'HOME': '/Users/peterchau', 'SHLVL': '3', 'ROS_DISTRO': 'eloquent', 'LC_TERMINAL_VERSION': '3.4.6', 'GIT_BRANCH': 'main', 'PEAR_DEV_UTILS_PATH': '/Users/peterchau/src/peartherapeutics/dev-utils', '__GIT_PROMPT_SHOW_CHANGED_FILES_COUNT': '1', 'DYLD_LIBRARY_PATH': '/Users/peterchau/ros/opt/yaml_cpp_vendor/lib:/Users/peterchau/ros/opt/rviz_ogre_vendor/lib:/Users/peterchau/ros/lib', 'ITERM_SESSION_ID': 'w0t0p0:67BE9EDE-617E-4CC3-83AE-03E6153D5777', '__GIT_PROMPT_IGNORE_SUBMODULES': '', 'CONDA_PYTHON_EXE': '/opt/anaconda3/bin/python', 'LOGNAME': 'peterchau', 'PYTHONPATH': '/Users/peterchau/robotics/ros-drone/src/install/tellobot/lib/python3.8/site-packages:/Users/peterchau/robotics/ros-drone/src/install/tellobot/lib/python3.8/site-packages:/Users/peterchau/ros/lib/python3.8/site-packages', 'TMUX_PLUGIN_MANAGER_PATH': '/Users/peterchau/.tmux/plugins/', 'CONDA_DEFAULT_ENV': 'base', 'NVM_BIN': '/Users/peterchau/.nvm/versions/node/v8.14.1/bin', 'PKG_CONFIG_PATH': '/Users/peterchau/ros/lib/pkgconfig', 'DISPLAY': '/private/tmp/com.apple.launchd.hb3CbuPxtj/org.macosforge.xquartz:0', 'LC_TERMINAL': 'iTerm2', 'CMAKE_PREFIX_PATH': '/Users/peterchau/ros', 'ROS_LOCALHOST_ONLY': '0', 'SECURITYSESSIONID': '186a8', 'COLORTERM': 'truecolor', '_': '/usr/bin/env'}, 'shell': False}
[0.514802] (-) TimerEvent: {}
[0.618083] (-) TimerEvent: {}
[0.709369] (tellobot) StdoutLine: {'line': b'running egg_info\n'}
[0.709783] (tellobot) StdoutLine: {'line': b'creating ../build/tellobot/tellobot.egg-info\n'}
[0.710020] (tellobot) StdoutLine: {'line': b'writing ../build/tellobot/tellobot.egg-info/PKG-INFO\n'}
[0.710428] (tellobot) StdoutLine: {'line': b'writing dependency_links to ../build/tellobot/tellobot.egg-info/dependency_links.txt\n'}
[0.710730] (tellobot) StdoutLine: {'line': b'writing entry points to ../build/tellobot/tellobot.egg-info/entry_points.txt\n'}
[0.711008] (tellobot) StdoutLine: {'line': b'writing requirements to ../build/tellobot/tellobot.egg-info/requires.txt\n'}
[0.711250] (tellobot) StdoutLine: {'line': b'writing top-level names to ../build/tellobot/tellobot.egg-info/top_level.txt\n'}
[0.711444] (tellobot) StdoutLine: {'line': b"writing manifest file '../build/tellobot/tellobot.egg-info/SOURCES.txt'\n"}
[0.719819] (-) TimerEvent: {}
[0.730062] (tellobot) StdoutLine: {'line': b"reading manifest file '../build/tellobot/tellobot.egg-info/SOURCES.txt'\n"}
[0.731009] (tellobot) StdoutLine: {'line': b"writing manifest file '../build/tellobot/tellobot.egg-info/SOURCES.txt'\n"}
[0.731416] (tellobot) StdoutLine: {'line': b'running build\n'}
[0.731551] (tellobot) StdoutLine: {'line': b'running build_py\n'}
[0.732012] (tellobot) StdoutLine: {'line': b'creating /Users/peterchau/robotics/ros-drone/src/build/tellobot/build\n'}
[0.732526] (tellobot) StdoutLine: {'line': b'creating /Users/peterchau/robotics/ros-drone/src/build/tellobot/build/lib\n'}
[0.732889] (tellobot) StdoutLine: {'line': b'creating /Users/peterchau/robotics/ros-drone/src/build/tellobot/build/lib/tellobot\n'}
[0.733368] (tellobot) StdoutLine: {'line': b'copying tellobot/fake_tello.py -> /Users/peterchau/robotics/ros-drone/src/build/tellobot/build/lib/tellobot\n'}
[0.733683] (tellobot) StdoutLine: {'line': b'copying tellobot/ai.py -> /Users/peterchau/robotics/ros-drone/src/build/tellobot/build/lib/tellobot\n'}
[0.734232] (tellobot) StdoutLine: {'line': b'copying tellobot/ai_node.py -> /Users/peterchau/robotics/ros-drone/src/build/tellobot/build/lib/tellobot\n'}
[0.734422] (tellobot) StdoutLine: {'line': b'copying tellobot/gui_camera.py -> /Users/peterchau/robotics/ros-drone/src/build/tellobot/build/lib/tellobot\n'}
[0.734825] (tellobot) StdoutLine: {'line': b'copying tellobot/__init__.py -> /Users/peterchau/robotics/ros-drone/src/build/tellobot/build/lib/tellobot\n'}
[0.735250] (tellobot) StdoutLine: {'line': b'copying tellobot/drone_node.py -> /Users/peterchau/robotics/ros-drone/src/build/tellobot/build/lib/tellobot\n'}
[0.735526] (tellobot) StdoutLine: {'line': b'copying tellobot/tello_camera.py -> /Users/peterchau/robotics/ros-drone/src/build/tellobot/build/lib/tellobot\n'}
[0.735921] (tellobot) StdoutLine: {'line': b'copying tellobot/gui_buttons.py -> /Users/peterchau/robotics/ros-drone/src/build/tellobot/build/lib/tellobot\n'}
[0.736254] (tellobot) StdoutLine: {'line': b'copying tellobot/gui_camera_node.py -> /Users/peterchau/robotics/ros-drone/src/build/tellobot/build/lib/tellobot\n'}
[0.736636] (tellobot) StdoutLine: {'line': b'copying tellobot/camera_node.py -> /Users/peterchau/robotics/ros-drone/src/build/tellobot/build/lib/tellobot\n'}
[0.737083] (tellobot) StdoutLine: {'line': b'copying tellobot/cvui.py -> /Users/peterchau/robotics/ros-drone/src/build/tellobot/build/lib/tellobot\n'}
[0.737406] (tellobot) StdoutLine: {'line': b'copying tellobot/pose_ml.py -> /Users/peterchau/robotics/ros-drone/src/build/tellobot/build/lib/tellobot\n'}
[0.737647] (tellobot) StdoutLine: {'line': b'copying tellobot/pose_ml_node.py -> /Users/peterchau/robotics/ros-drone/src/build/tellobot/build/lib/tellobot\n'}
[0.737874] (tellobot) StdoutLine: {'line': b'copying tellobot/gui_buttons_node.py -> /Users/peterchau/robotics/ros-drone/src/build/tellobot/build/lib/tellobot\n'}
[0.738117] (tellobot) StdoutLine: {'line': b'copying tellobot/cmds.py -> /Users/peterchau/robotics/ros-drone/src/build/tellobot/build/lib/tellobot\n'}
[0.738356] (tellobot) StdoutLine: {'line': b'copying tellobot/web_camera.py -> /Users/peterchau/robotics/ros-drone/src/build/tellobot/build/lib/tellobot\n'}
[0.738929] (tellobot) StdoutLine: {'line': b'creating /Users/peterchau/robotics/ros-drone/src/build/tellobot/build/lib/libh264decoder\n'}
[0.739211] (tellobot) StdoutLine: {'line': b'copying libh264decoder/__init__.py -> /Users/peterchau/robotics/ros-drone/src/build/tellobot/build/lib/libh264decoder\n'}
[0.740118] (tellobot) StdoutLine: {'line': b'running install\n'}
[0.740551] (tellobot) StdoutLine: {'line': b'running install_lib\n'}
[0.741341] (tellobot) StdoutLine: {'line': b'creating /Users/peterchau/robotics/ros-drone/src/install/tellobot/lib/python3.8/site-packages/libh264decoder\n'}
[0.741712] (tellobot) StdoutLine: {'line': b'copying /Users/peterchau/robotics/ros-drone/src/build/tellobot/build/lib/libh264decoder/__init__.py -> /Users/peterchau/robotics/ros-drone/src/install/tellobot/lib/python3.8/site-packages/libh264decoder\n'}
[0.742110] (tellobot) StdoutLine: {'line': b'creating /Users/peterchau/robotics/ros-drone/src/install/tellobot/lib/python3.8/site-packages/tellobot\n'}
[0.742352] (tellobot) StdoutLine: {'line': b'copying /Users/peterchau/robotics/ros-drone/src/build/tellobot/build/lib/tellobot/fake_tello.py -> /Users/peterchau/robotics/ros-drone/src/install/tellobot/lib/python3.8/site-packages/tellobot\n'}
[0.742623] (tellobot) StdoutLine: {'line': b'copying /Users/peterchau/robotics/ros-drone/src/build/tellobot/build/lib/tellobot/ai.py -> /Users/peterchau/robotics/ros-drone/src/install/tellobot/lib/python3.8/site-packages/tellobot\n'}
[0.743123] (tellobot) StdoutLine: {'line': b'copying /Users/peterchau/robotics/ros-drone/src/build/tellobot/build/lib/tellobot/ai_node.py -> /Users/peterchau/robotics/ros-drone/src/install/tellobot/lib/python3.8/site-packages/tellobot\n'}
[0.743562] (tellobot) StdoutLine: {'line': b'copying /Users/peterchau/robotics/ros-drone/src/build/tellobot/build/lib/tellobot/gui_camera.py -> /Users/peterchau/robotics/ros-drone/src/install/tellobot/lib/python3.8/site-packages/tellobot\n'}
[0.743956] (tellobot) StdoutLine: {'line': b'copying /Users/peterchau/robotics/ros-drone/src/build/tellobot/build/lib/tellobot/__init__.py -> /Users/peterchau/robotics/ros-drone/src/install/tellobot/lib/python3.8/site-packages/tellobot\n'}
[0.744263] (tellobot) StdoutLine: {'line': b'copying /Users/peterchau/robotics/ros-drone/src/build/tellobot/build/lib/tellobot/drone_node.py -> /Users/peterchau/robotics/ros-drone/src/install/tellobot/lib/python3.8/site-packages/tellobot\n'}
[0.744563] (tellobot) StdoutLine: {'line': b'copying /Users/peterchau/robotics/ros-drone/src/build/tellobot/build/lib/tellobot/tello_camera.py -> /Users/peterchau/robotics/ros-drone/src/install/tellobot/lib/python3.8/site-packages/tellobot\n'}
[0.744869] (tellobot) StdoutLine: {'line': b'copying /Users/peterchau/robotics/ros-drone/src/build/tellobot/build/lib/tellobot/gui_buttons.py -> /Users/peterchau/robotics/ros-drone/src/install/tellobot/lib/python3.8/site-packages/tellobot\n'}
[0.745284] (tellobot) StdoutLine: {'line': b'copying /Users/peterchau/robotics/ros-drone/src/build/tellobot/build/lib/tellobot/gui_camera_node.py -> /Users/peterchau/robotics/ros-drone/src/install/tellobot/lib/python3.8/site-packages/tellobot\n'}
[0.745708] (tellobot) StdoutLine: {'line': b'copying /Users/peterchau/robotics/ros-drone/src/build/tellobot/build/lib/tellobot/camera_node.py -> /Users/peterchau/robotics/ros-drone/src/install/tellobot/lib/python3.8/site-packages/tellobot\n'}
[0.746063] (tellobot) StdoutLine: {'line': b'copying /Users/peterchau/robotics/ros-drone/src/build/tellobot/build/lib/tellobot/cvui.py -> /Users/peterchau/robotics/ros-drone/src/install/tellobot/lib/python3.8/site-packages/tellobot\n'}
[0.746586] (tellobot) StdoutLine: {'line': b'copying /Users/peterchau/robotics/ros-drone/src/build/tellobot/build/lib/tellobot/pose_ml.py -> /Users/peterchau/robotics/ros-drone/src/install/tellobot/lib/python3.8/site-packages/tellobot\n'}
[0.747021] (tellobot) StdoutLine: {'line': b'copying /Users/peterchau/robotics/ros-drone/src/build/tellobot/build/lib/tellobot/pose_ml_node.py -> /Users/peterchau/robotics/ros-drone/src/install/tellobot/lib/python3.8/site-packages/tellobot\n'}
[0.747321] (tellobot) StdoutLine: {'line': b'copying /Users/peterchau/robotics/ros-drone/src/build/tellobot/build/lib/tellobot/gui_buttons_node.py -> /Users/peterchau/robotics/ros-drone/src/install/tellobot/lib/python3.8/site-packages/tellobot\n'}
[0.747661] (tellobot) StdoutLine: {'line': b'copying /Users/peterchau/robotics/ros-drone/src/build/tellobot/build/lib/tellobot/cmds.py -> /Users/peterchau/robotics/ros-drone/src/install/tellobot/lib/python3.8/site-packages/tellobot\n'}
[0.748099] (tellobot) StdoutLine: {'line': b'copying /Users/peterchau/robotics/ros-drone/src/build/tellobot/build/lib/tellobot/web_camera.py -> /Users/peterchau/robotics/ros-drone/src/install/tellobot/lib/python3.8/site-packages/tellobot\n'}
[0.749104] (tellobot) StdoutLine: {'line': b'byte-compiling /Users/peterchau/robotics/ros-drone/src/install/tellobot/lib/python3.8/site-packages/libh264decoder/__init__.py to __init__.cpython-38.pyc\n'}
[0.749702] (tellobot) StdoutLine: {'line': b'byte-compiling /Users/peterchau/robotics/ros-drone/src/install/tellobot/lib/python3.8/site-packages/tellobot/fake_tello.py to fake_tello.cpython-38.pyc\n'}
[0.750277] (tellobot) StdoutLine: {'line': b'byte-compiling /Users/peterchau/robotics/ros-drone/src/install/tellobot/lib/python3.8/site-packages/tellobot/ai.py to ai.cpython-38.pyc\n'}
[0.751210] (tellobot) StdoutLine: {'line': b'byte-compiling /Users/peterchau/robotics/ros-drone/src/install/tellobot/lib/python3.8/site-packages/tellobot/ai_node.py to ai_node.cpython-38.pyc\n'}
[0.752165] (tellobot) StdoutLine: {'line': b'byte-compiling /Users/peterchau/robotics/ros-drone/src/install/tellobot/lib/python3.8/site-packages/tellobot/gui_camera.py to gui_camera.cpython-38.pyc\n'}
[0.753220] (tellobot) StdoutLine: {'line': b'byte-compiling /Users/peterchau/robotics/ros-drone/src/install/tellobot/lib/python3.8/site-packages/tellobot/__init__.py to __init__.cpython-38.pyc\n'}
[0.753652] (tellobot) StdoutLine: {'line': b'byte-compiling /Users/peterchau/robotics/ros-drone/src/install/tellobot/lib/python3.8/site-packages/tellobot/drone_node.py to drone_node.cpython-38.pyc\n'}
[0.754852] (tellobot) StdoutLine: {'line': b'byte-compiling /Users/peterchau/robotics/ros-drone/src/install/tellobot/lib/python3.8/site-packages/tellobot/tello_camera.py to tello_camera.cpython-38.pyc\n'}
[0.755608] (tellobot) StdoutLine: {'line': b'byte-compiling /Users/peterchau/robotics/ros-drone/src/install/tellobot/lib/python3.8/site-packages/tellobot/gui_buttons.py to gui_buttons.cpython-38.pyc\n'}
[0.756190] (tellobot) StdoutLine: {'line': b'byte-compiling /Users/peterchau/robotics/ros-drone/src/install/tellobot/lib/python3.8/site-packages/tellobot/gui_camera_node.py to gui_camera_node.cpython-38.pyc\n'}
[0.757205] (tellobot) StdoutLine: {'line': b'byte-compiling /Users/peterchau/robotics/ros-drone/src/install/tellobot/lib/python3.8/site-packages/tellobot/camera_node.py to camera_node.cpython-38.pyc\n'}
[0.758516] (tellobot) StdoutLine: {'line': b'byte-compiling /Users/peterchau/robotics/ros-drone/src/install/tellobot/lib/python3.8/site-packages/tellobot/cvui.py to cvui.cpython-38.pyc\n'}
[0.779510] (tellobot) StdoutLine: {'line': b'byte-compiling /Users/peterchau/robotics/ros-drone/src/install/tellobot/lib/python3.8/site-packages/tellobot/pose_ml.py to pose_ml.cpython-38.pyc\n'}
[0.782551] (tellobot) StdoutLine: {'line': b'byte-compiling /Users/peterchau/robotics/ros-drone/src/install/tellobot/lib/python3.8/site-packages/tellobot/pose_ml_node.py to pose_ml_node.cpython-38.pyc\n'}
[0.783671] (tellobot) StdoutLine: {'line': b'byte-compiling /Users/peterchau/robotics/ros-drone/src/install/tellobot/lib/python3.8/site-packages/tellobot/gui_buttons_node.py to gui_buttons_node.cpython-38.pyc\n'}
[0.785015] (tellobot) StdoutLine: {'line': b'byte-compiling /Users/peterchau/robotics/ros-drone/src/install/tellobot/lib/python3.8/site-packages/tellobot/cmds.py to cmds.cpython-38.pyc\n'}
[0.785813] (tellobot) StdoutLine: {'line': b'byte-compiling /Users/peterchau/robotics/ros-drone/src/install/tellobot/lib/python3.8/site-packages/tellobot/web_camera.py to web_camera.cpython-38.pyc\n'}
[0.786893] (tellobot) StdoutLine: {'line': b'running install_data\n'}
[0.787795] (tellobot) StdoutLine: {'line': b'creating /Users/peterchau/robotics/ros-drone/src/install/tellobot/share/ament_index\n'}
[0.788371] (tellobot) StdoutLine: {'line': b'creating /Users/peterchau/robotics/ros-drone/src/install/tellobot/share/ament_index/resource_index\n'}
[0.788685] (tellobot) StdoutLine: {'line': b'creating /Users/peterchau/robotics/ros-drone/src/install/tellobot/share/ament_index/resource_index/packages\n'}
[0.788904] (tellobot) StdoutLine: {'line': b'copying resource/tellobot -> /Users/peterchau/robotics/ros-drone/src/install/tellobot/share/ament_index/resource_index/packages\n'}
[0.789297] (tellobot) StdoutLine: {'line': b'copying package.xml -> /Users/peterchau/robotics/ros-drone/src/install/tellobot/share/tellobot\n'}
[0.789558] (tellobot) StdoutLine: {'line': b'creating /Users/peterchau/robotics/ros-drone/src/install/tellobot/share/tellobot/launch\n'}
[0.789782] (tellobot) StdoutLine: {'line': b'copying launch/basic.launch.py -> /Users/peterchau/robotics/ros-drone/src/install/tellobot/share/tellobot/launch\n'}
[0.790133] (tellobot) StdoutLine: {'line': b'copying launch/tello_camera.launch.py -> /Users/peterchau/robotics/ros-drone/src/install/tellobot/share/tellobot/launch\n'}
[0.790296] (tellobot) StdoutLine: {'line': b'running install_egg_info\n'}
[0.792832] (tellobot) StdoutLine: {'line': b'Copying ../build/tellobot/tellobot.egg-info to /Users/peterchau/robotics/ros-drone/src/install/tellobot/lib/python3.8/site-packages/tellobot-0.0.0-py3.8.egg-info\n'}
[0.796002] (tellobot) StdoutLine: {'line': b'running install_scripts\n'}
[0.824788] (-) TimerEvent: {}
[0.843717] (tellobot) StdoutLine: {'line': b'Installing ai_node script to /Users/peterchau/robotics/ros-drone/src/install/tellobot/lib/tellobot\n'}
[0.844072] (tellobot) StdoutLine: {'line': b'Installing camera_node script to /Users/peterchau/robotics/ros-drone/src/install/tellobot/lib/tellobot\n'}
[0.844278] (tellobot) StdoutLine: {'line': b'Installing drone_node script to /Users/peterchau/robotics/ros-drone/src/install/tellobot/lib/tellobot\n'}
[0.844637] (tellobot) StdoutLine: {'line': b'Installing gui_buttons_node script to /Users/peterchau/robotics/ros-drone/src/install/tellobot/lib/tellobot\n'}
[0.845168] (tellobot) StdoutLine: {'line': b'Installing gui_camera_node script to /Users/peterchau/robotics/ros-drone/src/install/tellobot/lib/tellobot\n'}
[0.845276] (tellobot) StdoutLine: {'line': b'Installing pose_ml_node script to /Users/peterchau/robotics/ros-drone/src/install/tellobot/lib/tellobot\n'}
[0.846177] (tellobot) StdoutLine: {'line': b"writing list of installed files to '/Users/peterchau/robotics/ros-drone/src/build/tellobot/install.log'\n"}
[0.846659] (tellobot) StderrLine: {'line': b"/usr/local/lib/python3.8/site-packages/setuptools/dist.py:642: UserWarning: Usage of dash-separated 'script-dir' will not be supported in future versions. Please use the underscore name 'script_dir' instead\n"}
[0.846838] (tellobot) StderrLine: {'line': b'  warnings.warn(\n'}
[0.846931] (tellobot) StderrLine: {'line': b"/usr/local/lib/python3.8/site-packages/setuptools/dist.py:642: UserWarning: Usage of dash-separated 'install-scripts' will not be supported in future versions. Please use the underscore name 'install_scripts' instead\n"}
[0.847021] (tellobot) StderrLine: {'line': b'  warnings.warn(\n'}
[0.873935] (tellobot) CommandEnded: {'returncode': 0}
[0.915441] (tellobot) JobEnded: {'identifier': 'tellobot', 'rc': 0}
[0.916775] (-) EventReactorShutdown: {}
