[0.476s] Invoking command in '/Users/peterchau/robotics/ros-drone/src/tellobot': CONDA_PROMPT_MODIFIER=(base) PYTHONPATH=/Users/peterchau/robotics/ros-drone/src/install/tellobot/lib/python3.8/site-packages:${PYTHONPATH} SHLVL=3 _=/usr/bin/env /usr/local/opt/python@3.8/bin/python3.8 setup.py egg_info --egg-base ../build/tellobot build --build-base /Users/peterchau/robotics/ros-drone/src/build/tellobot/build install --prefix /Users/peterchau/robotics/ros-drone/src/install/tellobot --record /Users/peterchau/robotics/ros-drone/src/build/tellobot/install.log --single-version-externally-managed
[0.789s] running egg_info
[0.789s] writing ../build/tellobot/tellobot.egg-info/PKG-INFO
[0.790s] writing dependency_links to ../build/tellobot/tellobot.egg-info/dependency_links.txt
[0.790s] writing entry points to ../build/tellobot/tellobot.egg-info/entry_points.txt
[0.790s] writing requirements to ../build/tellobot/tellobot.egg-info/requires.txt
[0.790s] writing top-level names to ../build/tellobot/tellobot.egg-info/top_level.txt
[0.817s] reading manifest file '../build/tellobot/tellobot.egg-info/SOURCES.txt'
[0.819s] writing manifest file '../build/tellobot/tellobot.egg-info/SOURCES.txt'
[0.819s] running build
[0.820s] running build_py
[0.821s] copying tellobot/web_camera.py -> /Users/peterchau/robotics/ros-drone/src/build/tellobot/build/lib/tellobot
[0.822s] running install
[0.823s] running install_lib
[0.825s] copying /Users/peterchau/robotics/ros-drone/src/build/tellobot/build/lib/tellobot/web_camera.py -> /Users/peterchau/robotics/ros-drone/src/install/tellobot/lib/python3.8/site-packages/tellobot
[0.827s] byte-compiling /Users/peterchau/robotics/ros-drone/src/install/tellobot/lib/python3.8/site-packages/tellobot/web_camera.py to web_camera.cpython-38.pyc
[0.828s] running install_data
[0.829s] running install_egg_info
[0.831s] removing '/Users/peterchau/robotics/ros-drone/src/install/tellobot/lib/python3.8/site-packages/tellobot-0.0.0-py3.8.egg-info' (and everything under it)
[0.832s] Copying ../build/tellobot/tellobot.egg-info to /Users/peterchau/robotics/ros-drone/src/install/tellobot/lib/python3.8/site-packages/tellobot-0.0.0-py3.8.egg-info
[0.836s] running install_scripts
[0.872s] Installing ai_node script to /Users/peterchau/robotics/ros-drone/src/install/tellobot/lib/tellobot
[0.873s] Installing camera_node script to /Users/peterchau/robotics/ros-drone/src/install/tellobot/lib/tellobot
[0.873s] Installing drone_node script to /Users/peterchau/robotics/ros-drone/src/install/tellobot/lib/tellobot
[0.873s] Installing gui_buttons_node script to /Users/peterchau/robotics/ros-drone/src/install/tellobot/lib/tellobot
[0.874s] Installing gui_camera_node script to /Users/peterchau/robotics/ros-drone/src/install/tellobot/lib/tellobot
[0.874s] Installing pose_ml_node script to /Users/peterchau/robotics/ros-drone/src/install/tellobot/lib/tellobot
[0.875s] writing list of installed files to '/Users/peterchau/robotics/ros-drone/src/build/tellobot/install.log'
[0.875s] /usr/local/lib/python3.8/site-packages/setuptools/dist.py:642: UserWarning: Usage of dash-separated 'script-dir' will not be supported in future versions. Please use the underscore name 'script_dir' instead
[0.875s]   warnings.warn(
[0.876s] /usr/local/lib/python3.8/site-packages/setuptools/dist.py:642: UserWarning: Usage of dash-separated 'install-scripts' will not be supported in future versions. Please use the underscore name 'install_scripts' instead
[0.876s]   warnings.warn(
[0.896s] Invoked command in '/Users/peterchau/robotics/ros-drone/src/tellobot' returned '0': CONDA_PROMPT_MODIFIER=(base) PYTHONPATH=/Users/peterchau/robotics/ros-drone/src/install/tellobot/lib/python3.8/site-packages:${PYTHONPATH} SHLVL=3 _=/usr/bin/env /usr/local/opt/python@3.8/bin/python3.8 setup.py egg_info --egg-base ../build/tellobot build --build-base /Users/peterchau/robotics/ros-drone/src/build/tellobot/build install --prefix /Users/peterchau/robotics/ros-drone/src/install/tellobot --record /Users/peterchau/robotics/ros-drone/src/build/tellobot/install.log --single-version-externally-managed
