[0.000000] (-) TimerEvent: {}
[0.000296] (-) JobUnselected: {'identifier': 'tellobot'}
[0.000910] (cv_basics) JobQueued: {'identifier': 'cv_basics', 'dependencies': OrderedDict()}
[0.000954] (cv_basics) JobStarted: {'identifier': 'cv_basics'}
[0.100888] (-) TimerEvent: {}
[0.202939] (-) TimerEvent: {}
[0.305907] (-) TimerEvent: {}
[0.408537] (-) TimerEvent: {}
[0.472181] (cv_basics) Command: {'cmd': ['/usr/local/opt/python@3.8/bin/python3.8', 'setup.py', 'egg_info', '--egg-base', '../build/cv_basics', 'build', '--build-base', '/Users/peterchau/robotics/ros-drone/src/build/cv_basics/build', 'install', '--prefix', '/Users/peterchau/robotics/ros-drone/src/install/cv_basics', '--record', '/Users/peterchau/robotics/ros-drone/src/build/cv_basics/install.log', '--single-version-externally-managed'], 'cwd': '/Users/peterchau/robotics/ros-drone/src/cv_basics', 'env': {'AUTOJUMP_ERROR_PATH': '/Users/peterchau/Library/autojump/errors.log', 'TERM_PROGRAM': 'tmux', 'ANDROID_HOME': '/Users/peterchau/Library/Android/sdk', 'AUTOJUMP_SOURCED': '1', 'NVM_CD_FLAGS': '', 'SHELL': '/bin/bash', 'TERM': 'screen-256color', 'TMPDIR': '/var/folders/ln/_888p6tn7wx6b5qdykjk1clr0000gn/T/', 'CONDA_SHLVL': '0', 'TERM_PROGRAM_VERSION': '3.2', 'ROS_PYTHON_VERSION': '3', 'TERM_SESSION_ID': 'w0t0p0:D994F6D7-36AC-45DD-807D-0808CFF9CFB5', 'COLCON_PREFIX_PATH': '/Users/peterchau/robotics/ros-drone/install:/Users/peterchau/learn_ros/sample_ws/src/my_package/install:/Users/peterchau/learn_ros/sample_ws/install:/Users/peterchau/ros:/Users/peterchau/learn_ros/sample_ws/src/install', 'ROS_VERSION': '2', 'AMENT_PREFIX_PATH': '/Users/peterchau/robotics/ros-drone/install/tellobot:/Users/peterchau/learn_ros/sample_ws/src/my_package/install/my_package:/Users/peterchau/learn_ros/sample_ws/install/test_pkg:/Users/peterchau/learn_ros/sample_ws/install/my_package:/Users/peterchau/learn_ros/sample_ws/src/install/my_package:/Users/peterchau/ros', 'NVM_DIR': '/Users/peterchau/.nvm', 'USER': 'peterchau', 'COMMAND_MODE': 'unix2003', 'CONDA_EXE': '/opt/anaconda3/bin/conda', 'SSH_AUTH_SOCK': '/Users/peterchau/.gnupg/S.gpg-agent.ssh', '__CF_USER_TEXT_ENCODING': '0x1F5:0x0:0x52', 'PIVOTAL_API_TOKEN': '1b00da4946ad14548d0d50a960383609', 'TMUX': '/private/tmp/tmux-501/default,1090,14', '_CE_CONDA': '', 'PATH': '/Users/peterchau/ros/bin:/usr/local/opt/opencv@3/bin:/usr/local/opt/opencv@3/bin:/usr/local/opt/opencv@3/bin:/usr/local/opt/python@3.8/bin:/Users/peterchau/.nvm/versions/node/v8.14.1/bin:/Library/Java/JavaVirtualMachines/jdk1.8.0_192.jdk/Contents/Home/bin:/usr/local/bin:/usr/bin:/bin:/usr/sbin:/sbin:/usr/local/go/bin:/usr/local/share/dotnet:/opt/X11/bin:~/.dotnet/tools:/Library/Apple/usr/bin:/Library/Frameworks/Mono.framework/Versions/Current/Commands:/Users/peterchau/src/peartherapeutics/dev-utils:~/Library/Android/sdk/platform-tools:~/Library/Android/sdk/tools:/usr/local/go/bin', '__CFBundleIdentifier': 'com.googlecode.iterm2', 'PWD': '/Users/peterchau/robotics/ros-drone/src/build/cv_basics', 'COLCON': '1', 'JAVA_HOME': '/Library/Java/JavaVirtualMachines/jdk1.8.0_192.jdk/Contents/Home', 'AWS_SECRET_ACCESS_KEY': '6sRw1GqK0Z6MaFvDf13F2VllEtXcrU8JTUekpWg3', 'LANG': 'en_CA.UTF-8', 'ITERM_PROFILE': 'Default', 'TMUX_PANE': '%29', 'XPC_FLAGS': '0x0', 'XPC_SERVICE_NAME': '0', '_CE_M': '', 'AWS_ACCESS_KEY_ID': 'AKIAJURBCBKK7GPGB4VQ', 'GPG_TTY': '/dev/ttys029', 'COLORFGBG': '15;0', 'HOME': '/Users/peterchau', 'SHLVL': '3', 'ROS_DISTRO': 'eloquent', 'LC_TERMINAL_VERSION': '3.4.6', 'PEAR_DEV_UTILS_PATH': '/Users/peterchau/src/peartherapeutics/dev-utils', 'DYLD_LIBRARY_PATH': '/Users/peterchau/ros/opt/yaml_cpp_vendor/lib:/Users/peterchau/ros/opt/rviz_ogre_vendor/lib:/Users/peterchau/ros/lib', 'ITERM_SESSION_ID': 'w0t0p0:D994F6D7-36AC-45DD-807D-0808CFF9CFB5', 'CONDA_PYTHON_EXE': '/opt/anaconda3/bin/python', 'LOGNAME': 'peterchau', 'PYTHONPATH': '/Users/peterchau/robotics/ros-drone/src/install/cv_basics/lib/python3.8/site-packages:/Users/peterchau/robotics/ros-drone/install/tellobot/lib/python3.8/site-packages:/Users/peterchau/learn_ros/sample_ws/src/my_package/install/my_package/lib/python3.8/site-packages:/Users/peterchau/learn_ros/sample_ws/install/test_pkg/lib/python3.8/site-packages:/Users/peterchau/learn_ros/sample_ws/install/my_package/lib/python3.8/site-packages:/Users/peterchau/learn_ros/sample_ws/src/install/my_package/lib/python3.8/site-packages:/Users/peterchau/ros/lib/python3.8/site-packages', 'TMUX_PLUGIN_MANAGER_PATH': '/Users/peterchau/.tmux/plugins/', 'NVM_BIN': '/Users/peterchau/.nvm/versions/node/v8.14.1/bin', 'PKG_CONFIG_PATH': '/Users/peterchau/ros/lib/pkgconfig', 'DISPLAY': '/private/tmp/com.apple.launchd.DC5bUOJQ2h/org.macosforge.xquartz:0', 'LC_TERMINAL': 'iTerm2', 'CMAKE_PREFIX_PATH': '/Users/peterchau/ros', 'ROS_LOCALHOST_ONLY': '0', 'COLORTERM': 'truecolor', '_': '/usr/bin/env'}, 'shell': False}
[0.510836] (-) TimerEvent: {}
[0.614989] (-) TimerEvent: {}
[0.718460] (-) TimerEvent: {}
[0.733096] (cv_basics) StdoutLine: {'line': b'running egg_info\n'}
[0.733731] (cv_basics) StdoutLine: {'line': b'creating ../build/cv_basics/cv_basics.egg-info\n'}
[0.734042] (cv_basics) StdoutLine: {'line': b'writing ../build/cv_basics/cv_basics.egg-info/PKG-INFO\n'}
[0.734561] (cv_basics) StdoutLine: {'line': b'writing dependency_links to ../build/cv_basics/cv_basics.egg-info/dependency_links.txt\n'}
[0.735368] (cv_basics) StdoutLine: {'line': b'writing entry points to ../build/cv_basics/cv_basics.egg-info/entry_points.txt\n'}
[0.735946] (cv_basics) StdoutLine: {'line': b'writing requirements to ../build/cv_basics/cv_basics.egg-info/requires.txt\n'}
[0.736255] (cv_basics) StdoutLine: {'line': b'writing top-level names to ../build/cv_basics/cv_basics.egg-info/top_level.txt\n'}
[0.736505] (cv_basics) StdoutLine: {'line': b"writing manifest file '../build/cv_basics/cv_basics.egg-info/SOURCES.txt'\n"}
[0.763377] (cv_basics) StdoutLine: {'line': b"reading manifest file '../build/cv_basics/cv_basics.egg-info/SOURCES.txt'\n"}
[0.764265] (cv_basics) StdoutLine: {'line': b"writing manifest file '../build/cv_basics/cv_basics.egg-info/SOURCES.txt'\n"}
[0.764630] (cv_basics) StdoutLine: {'line': b'running build\n'}
[0.764872] (cv_basics) StdoutLine: {'line': b'running build_py\n'}
[0.765102] (cv_basics) StdoutLine: {'line': b'creating /Users/peterchau/robotics/ros-drone/src/build/cv_basics/build\n'}
[0.765330] (cv_basics) StdoutLine: {'line': b'creating /Users/peterchau/robotics/ros-drone/src/build/cv_basics/build/lib\n'}
[0.765533] (cv_basics) StdoutLine: {'line': b'creating /Users/peterchau/robotics/ros-drone/src/build/cv_basics/build/lib/cv_basics\n'}
[0.765727] (cv_basics) StdoutLine: {'line': b'copying cv_basics/webcam_pub.py -> /Users/peterchau/robotics/ros-drone/src/build/cv_basics/build/lib/cv_basics\n'}
[0.765926] (cv_basics) StdoutLine: {'line': b'copying cv_basics/__init__.py -> /Users/peterchau/robotics/ros-drone/src/build/cv_basics/build/lib/cv_basics\n'}
[0.766081] (cv_basics) StdoutLine: {'line': b'running install\n'}
[0.766190] (cv_basics) StdoutLine: {'line': b'running install_lib\n'}
[0.767505] (cv_basics) StdoutLine: {'line': b'creating /Users/peterchau/robotics/ros-drone/src/install/cv_basics/lib/python3.8/site-packages/cv_basics\n'}
[0.767783] (cv_basics) StdoutLine: {'line': b'copying /Users/peterchau/robotics/ros-drone/src/build/cv_basics/build/lib/cv_basics/webcam_pub.py -> /Users/peterchau/robotics/ros-drone/src/install/cv_basics/lib/python3.8/site-packages/cv_basics\n'}
[0.768119] (cv_basics) StdoutLine: {'line': b'copying /Users/peterchau/robotics/ros-drone/src/build/cv_basics/build/lib/cv_basics/__init__.py -> /Users/peterchau/robotics/ros-drone/src/install/cv_basics/lib/python3.8/site-packages/cv_basics\n'}
[0.768873] (cv_basics) StdoutLine: {'line': b'byte-compiling /Users/peterchau/robotics/ros-drone/src/install/cv_basics/lib/python3.8/site-packages/cv_basics/webcam_pub.py to webcam_pub.cpython-38.pyc\n'}
[0.769915] (cv_basics) StdoutLine: {'line': b'byte-compiling /Users/peterchau/robotics/ros-drone/src/install/cv_basics/lib/python3.8/site-packages/cv_basics/__init__.py to __init__.cpython-38.pyc\n'}
[0.770365] (cv_basics) StdoutLine: {'line': b'running install_data\n'}
[0.771571] (cv_basics) StdoutLine: {'line': b'creating /Users/peterchau/robotics/ros-drone/src/install/cv_basics/share/ament_index\n'}
[0.772135] (cv_basics) StdoutLine: {'line': b'creating /Users/peterchau/robotics/ros-drone/src/install/cv_basics/share/ament_index/resource_index\n'}
[0.772608] (cv_basics) StdoutLine: {'line': b'creating /Users/peterchau/robotics/ros-drone/src/install/cv_basics/share/ament_index/resource_index/packages\n'}
[0.772864] (cv_basics) StdoutLine: {'line': b'copying resource/cv_basics -> /Users/peterchau/robotics/ros-drone/src/install/cv_basics/share/ament_index/resource_index/packages\n'}
[0.773058] (cv_basics) StdoutLine: {'line': b'copying package.xml -> /Users/peterchau/robotics/ros-drone/src/install/cv_basics/share/cv_basics\n'}
[0.773197] (cv_basics) StdoutLine: {'line': b'running install_egg_info\n'}
[0.777369] (cv_basics) StdoutLine: {'line': b'Copying ../build/cv_basics/cv_basics.egg-info to /Users/peterchau/robotics/ros-drone/src/install/cv_basics/lib/python3.8/site-packages/cv_basics-0.0.0-py3.8.egg-info\n'}
[0.782087] (cv_basics) StdoutLine: {'line': b'running install_scripts\n'}
[0.818741] (-) TimerEvent: {}
[0.828986] (cv_basics) StdoutLine: {'line': b'Installing img_publisher script to /Users/peterchau/robotics/ros-drone/src/install/cv_basics/lib/cv_basics\n'}
[0.829783] (cv_basics) StdoutLine: {'line': b"writing list of installed files to '/Users/peterchau/robotics/ros-drone/src/build/cv_basics/install.log'\n"}
[0.830217] (cv_basics) StderrLine: {'line': b"/usr/local/lib/python3.8/site-packages/setuptools/dist.py:642: UserWarning: Usage of dash-separated 'script-dir' will not be supported in future versions. Please use the underscore name 'script_dir' instead\n"}
[0.830517] (cv_basics) StderrLine: {'line': b'  warnings.warn(\n'}
[0.830689] (cv_basics) StderrLine: {'line': b"/usr/local/lib/python3.8/site-packages/setuptools/dist.py:642: UserWarning: Usage of dash-separated 'install-scripts' will not be supported in future versions. Please use the underscore name 'install_scripts' instead\n"}
[0.830869] (cv_basics) StderrLine: {'line': b'  warnings.warn(\n'}
[0.858527] (cv_basics) CommandEnded: {'returncode': 0}
[0.904292] (cv_basics) JobEnded: {'identifier': 'cv_basics', 'rc': 0}
[0.905613] (-) EventReactorShutdown: {}
