[0.000000] (-) TimerEvent: {}
[0.000251] (-) JobUnselected: {'identifier': 'cv_basics'}
[0.000756] (tellobot) JobQueued: {'identifier': 'tellobot', 'dependencies': OrderedDict()}
[0.000865] (tellobot) JobStarted: {'identifier': 'tellobot'}
[0.104068] (-) TimerEvent: {}
[0.207932] (-) TimerEvent: {}
[0.310307] (-) TimerEvent: {}
[0.422240] (-) TimerEvent: {}
[0.456732] (tellobot) Command: {'cmd': ['/usr/local/opt/python@3.8/bin/python3.8', 'setup.py', 'egg_info', '--egg-base', '../build/tellobot', 'build', '--build-base', '/Users/peterchau/robotics/ros-drone/src/build/tellobot/build', 'install', '--prefix', '/Users/peterchau/robotics/ros-drone/src/install/tellobot', '--record', '/Users/peterchau/robotics/ros-drone/src/build/tellobot/install.log', '--single-version-externally-managed'], 'cwd': '/Users/peterchau/robotics/ros-drone/src/tellobot', 'env': {'AUTOJUMP_ERROR_PATH': '/Users/peterchau/Library/autojump/errors.log', '__GIT_PROMPT_IGNORE_STASH': '', 'TERM_PROGRAM': 'tmux', 'ANDROID_HOME': '/Users/peterchau/Library/Android/sdk', 'AUTOJUMP_SOURCED': '1', 'NVM_CD_FLAGS': '', 'SHELL': '/bin/bash', 'TERM': 'screen-256color', 'TMPDIR': '/var/folders/ln/_888p6tn7wx6b5qdykjk1clr0000gn/T/', 'CONDA_SHLVL': '0', 'TERM_PROGRAM_VERSION': '3.2', 'ROS_PYTHON_VERSION': '3', 'TERM_SESSION_ID': 'w0t0p0:D994F6D7-36AC-45DD-807D-0808CFF9CFB5', 'COLCON_PREFIX_PATH': '/Users/peterchau/robotics/ros-drone/src/install:/Users/peterchau/learn_ros/sample_ws/src/my_package/install:/Users/peterchau/learn_ros/sample_ws/install:/Users/peterchau/ros:/Users/peterchau/learn_ros/sample_ws/src/install:/Users/peterchau/robotics/ros-drone/install', 'ROS_VERSION': '2', 'AMENT_PREFIX_PATH': '/Users/peterchau/robotics/ros-drone/src/install/tellobot:/Users/peterchau/robotics/ros-drone/src/install/cv_basics:/Users/peterchau/robotics/ros-drone/install/cv_basics:/Users/peterchau/robotics/ros-drone/install/tellobot:/Users/peterchau/learn_ros/sample_ws/src/my_package/install/my_package:/Users/peterchau/learn_ros/sample_ws/install/test_pkg:/Users/peterchau/learn_ros/sample_ws/install/my_package:/Users/peterchau/learn_ros/sample_ws/src/install/my_package:/Users/peterchau/ros', '__GIT_PROMPT_SHOW_UPSTREAM': '', 'NVM_DIR': '/Users/peterchau/.nvm', 'USER': 'peterchau', '__GIT_PROMPT_SHOW_UNTRACKED_FILES': 'all', 'COMMAND_MODE': 'unix2003', 'CONDA_EXE': '/opt/anaconda3/bin/conda', 'SSH_AUTH_SOCK': '/Users/peterchau/.gnupg/S.gpg-agent.ssh', '__CF_USER_TEXT_ENCODING': '0x1F5:0x0:0x52', 'PIVOTAL_API_TOKEN': '1b00da4946ad14548d0d50a960383609', 'TMUX': '/private/tmp/tmux-501/default,1090,14', '_CE_CONDA': '', 'PATH': '/usr/local/opt/opencv@2/bin:/usr/local/opt/opencv@2/bin:/Users/peterchau/ros/bin:/usr/local/opt/opencv@3/bin:/usr/local/opt/opencv@3/bin:/usr/local/opt/opencv@3/bin:/usr/local/opt/python@3.8/bin:/Users/peterchau/.nvm/versions/node/v8.14.1/bin:/Library/Java/JavaVirtualMachines/jdk1.8.0_192.jdk/Contents/Home/bin:/usr/local/bin:/usr/bin:/bin:/usr/sbin:/sbin:/usr/local/go/bin:/usr/local/share/dotnet:/opt/X11/bin:~/.dotnet/tools:/Library/Apple/usr/bin:/Library/Frameworks/Mono.framework/Versions/Current/Commands:/Users/peterchau/src/peartherapeutics/dev-utils:~/Library/Android/sdk/platform-tools:~/Library/Android/sdk/tools:/usr/local/go/bin', '__CFBundleIdentifier': 'com.googlecode.iterm2', 'PWD': '/Users/peterchau/robotics/ros-drone/src/build/tellobot', 'COLCON': '1', 'JAVA_HOME': '/Library/Java/JavaVirtualMachines/jdk1.8.0_192.jdk/Contents/Home', 'AWS_SECRET_ACCESS_KEY': '6sRw1GqK0Z6MaFvDf13F2VllEtXcrU8JTUekpWg3', 'LANG': 'en_CA.UTF-8', 'ITERM_PROFILE': 'Default', 'TMUX_PANE': '%29', 'XPC_FLAGS': '0x0', 'XPC_SERVICE_NAME': '0', '_CE_M': '', 'AWS_ACCESS_KEY_ID': 'AKIAJURBCBKK7GPGB4VQ', 'GPG_TTY': '/dev/ttys029', 'COLORFGBG': '15;0', 'HOME': '/Users/peterchau', 'SHLVL': '3', 'ROS_DISTRO': 'eloquent', 'LC_TERMINAL_VERSION': '3.4.6', 'GIT_BRANCH': 'main', 'PEAR_DEV_UTILS_PATH': '/Users/peterchau/src/peartherapeutics/dev-utils', '__GIT_PROMPT_SHOW_CHANGED_FILES_COUNT': '1', 'DYLD_LIBRARY_PATH': '/Users/peterchau/ros/opt/yaml_cpp_vendor/lib:/Users/peterchau/ros/opt/rviz_ogre_vendor/lib:/Users/peterchau/ros/lib', 'ITERM_SESSION_ID': 'w0t0p0:D994F6D7-36AC-45DD-807D-0808CFF9CFB5', '__GIT_PROMPT_IGNORE_SUBMODULES': '', 'CONDA_PYTHON_EXE': '/opt/anaconda3/bin/python', 'LOGNAME': 'peterchau', 'PYTHONPATH': '/Users/peterchau/robotics/ros-drone/src/install/tellobot/lib/python3.8/site-packages:/Users/peterchau/robotics/ros-drone/src/install/tellobot/lib/python3.8/site-packages:/Users/peterchau/robotics/ros-drone/src/install/cv_basics/lib/python3.8/site-packages:/Users/peterchau/robotics/ros-drone/install/cv_basics/lib/python3.8/site-packages:/Users/peterchau/robotics/ros-drone/install/tellobot/lib/python3.8/site-packages:/Users/peterchau/learn_ros/sample_ws/src/my_package/install/my_package/lib/python3.8/site-packages:/Users/peterchau/learn_ros/sample_ws/install/test_pkg/lib/python3.8/site-packages:/Users/peterchau/learn_ros/sample_ws/install/my_package/lib/python3.8/site-packages:/Users/peterchau/learn_ros/sample_ws/src/install/my_package/lib/python3.8/site-packages:/Users/peterchau/ros/lib/python3.8/site-packages', 'TMUX_PLUGIN_MANAGER_PATH': '/Users/peterchau/.tmux/plugins/', 'NVM_BIN': '/Users/peterchau/.nvm/versions/node/v8.14.1/bin', 'PKG_CONFIG_PATH': '/Users/peterchau/ros/lib/pkgconfig', 'DISPLAY': '/private/tmp/com.apple.launchd.DC5bUOJQ2h/org.macosforge.xquartz:0', 'LC_TERMINAL': 'iTerm2', 'CMAKE_PREFIX_PATH': '/Users/peterchau/ros', 'ROS_LOCALHOST_ONLY': '0', 'COLORTERM': 'truecolor', '_': '/usr/bin/env'}, 'shell': False}
[0.527157] (-) TimerEvent: {}
[0.629476] (-) TimerEvent: {}
[0.712985] (tellobot) StdoutLine: {'line': b'running egg_info\n'}
[0.713452] (tellobot) StdoutLine: {'line': b'writing ../build/tellobot/tellobot.egg-info/PKG-INFO\n'}
[0.713670] (tellobot) StdoutLine: {'line': b'writing dependency_links to ../build/tellobot/tellobot.egg-info/dependency_links.txt\n'}
[0.713903] (tellobot) StdoutLine: {'line': b'writing entry points to ../build/tellobot/tellobot.egg-info/entry_points.txt\n'}
[0.714297] (tellobot) StdoutLine: {'line': b'writing requirements to ../build/tellobot/tellobot.egg-info/requires.txt\n'}
[0.714811] (tellobot) StdoutLine: {'line': b'writing top-level names to ../build/tellobot/tellobot.egg-info/top_level.txt\n'}
[0.729772] (-) TimerEvent: {}
[0.732806] (tellobot) StdoutLine: {'line': b"reading manifest file '../build/tellobot/tellobot.egg-info/SOURCES.txt'\n"}
[0.733815] (tellobot) StdoutLine: {'line': b"writing manifest file '../build/tellobot/tellobot.egg-info/SOURCES.txt'\n"}
[0.734081] (tellobot) StdoutLine: {'line': b'running build\n'}
[0.734185] (tellobot) StdoutLine: {'line': b'running build_py\n'}
[0.734941] (tellobot) StdoutLine: {'line': b'copying tellobot/gui_buttons_node.py -> /Users/peterchau/robotics/ros-drone/src/build/tellobot/build/lib/tellobot\n'}
[0.735867] (tellobot) StdoutLine: {'line': b'running install\n'}
[0.736407] (tellobot) StdoutLine: {'line': b'running install_lib\n'}
[0.737818] (tellobot) StdoutLine: {'line': b'copying /Users/peterchau/robotics/ros-drone/src/build/tellobot/build/lib/tellobot/gui_buttons_node.py -> /Users/peterchau/robotics/ros-drone/src/install/tellobot/lib/python3.8/site-packages/tellobot\n'}
[0.738992] (tellobot) StdoutLine: {'line': b'byte-compiling /Users/peterchau/robotics/ros-drone/src/install/tellobot/lib/python3.8/site-packages/tellobot/gui_buttons_node.py to gui_buttons_node.cpython-38.pyc\n'}
[0.739642] (tellobot) StdoutLine: {'line': b'running install_data\n'}
[0.740113] (tellobot) StdoutLine: {'line': b'running install_egg_info\n'}
[0.741758] (tellobot) StdoutLine: {'line': b"removing '/Users/peterchau/robotics/ros-drone/src/install/tellobot/lib/python3.8/site-packages/tellobot-0.0.0-py3.8.egg-info' (and everything under it)\n"}
[0.742655] (tellobot) StdoutLine: {'line': b'Copying ../build/tellobot/tellobot.egg-info to /Users/peterchau/robotics/ros-drone/src/install/tellobot/lib/python3.8/site-packages/tellobot-0.0.0-py3.8.egg-info\n'}
[0.745014] (tellobot) StdoutLine: {'line': b'running install_scripts\n'}
[0.785884] (tellobot) StdoutLine: {'line': b'Installing ai_node script to /Users/peterchau/robotics/ros-drone/src/install/tellobot/lib/tellobot\n'}
[0.786269] (tellobot) StdoutLine: {'line': b'Installing camera_pub_node script to /Users/peterchau/robotics/ros-drone/src/install/tellobot/lib/tellobot\n'}
[0.786601] (tellobot) StdoutLine: {'line': b'Installing gui_buttons_node script to /Users/peterchau/robotics/ros-drone/src/install/tellobot/lib/tellobot\n'}
[0.786888] (tellobot) StdoutLine: {'line': b'Installing gui_node script to /Users/peterchau/robotics/ros-drone/src/install/tellobot/lib/tellobot\n'}
[0.787198] (tellobot) StdoutLine: {'line': b'Installing pose_ml_node script to /Users/peterchau/robotics/ros-drone/src/install/tellobot/lib/tellobot\n'}
[0.787916] (tellobot) StdoutLine: {'line': b"writing list of installed files to '/Users/peterchau/robotics/ros-drone/src/build/tellobot/install.log'\n"}
[0.788251] (tellobot) StderrLine: {'line': b"/usr/local/lib/python3.8/site-packages/setuptools/dist.py:642: UserWarning: Usage of dash-separated 'script-dir' will not be supported in future versions. Please use the underscore name 'script_dir' instead\n"}
[0.788479] (tellobot) StderrLine: {'line': b'  warnings.warn(\n'}
[0.788612] (tellobot) StderrLine: {'line': b"/usr/local/lib/python3.8/site-packages/setuptools/dist.py:642: UserWarning: Usage of dash-separated 'install-scripts' will not be supported in future versions. Please use the underscore name 'install_scripts' instead\n"}
[0.788740] (tellobot) StderrLine: {'line': b'  warnings.warn(\n'}
[0.814868] (tellobot) CommandEnded: {'returncode': 0}
[0.833366] (-) TimerEvent: {}
[0.871442] (tellobot) JobEnded: {'identifier': 'tellobot', 'rc': 0}
[0.873177] (-) EventReactorShutdown: {}
