[0.439s] Invoking command in '/Users/peterchau/robotics/ros-drone/src/tellobot': PYTHONPATH=/Users/peterchau/robotics/ros-drone/src/install/tellobot/lib/python3.8/site-packages:${PYTHONPATH} SHLVL=3 _=/usr/bin/env /usr/local/opt/python@3.8/bin/python3.8 setup.py egg_info --egg-base ../build/tellobot build --build-base /Users/peterchau/robotics/ros-drone/src/build/tellobot/build install --prefix /Users/peterchau/robotics/ros-drone/src/install/tellobot --record /Users/peterchau/robotics/ros-drone/src/build/tellobot/install.log --single-version-externally-managed
[0.703s] running egg_info
[0.703s] writing ../build/tellobot/tellobot.egg-info/PKG-INFO
[0.705s] writing dependency_links to ../build/tellobot/tellobot.egg-info/dependency_links.txt
[0.706s] writing entry points to ../build/tellobot/tellobot.egg-info/entry_points.txt
[0.706s] writing requirements to ../build/tellobot/tellobot.egg-info/requires.txt
[0.706s] writing top-level names to ../build/tellobot/tellobot.egg-info/top_level.txt
[0.726s] reading manifest file '../build/tellobot/tellobot.egg-info/SOURCES.txt'
[0.727s] writing manifest file '../build/tellobot/tellobot.egg-info/SOURCES.txt'
[0.728s] running build
[0.728s] running build_py
[0.728s] copying tellobot/gui_buttons.py -> /Users/peterchau/robotics/ros-drone/src/build/tellobot/build/lib/tellobot
[0.729s] copying tellobot/cvui.py -> /Users/peterchau/robotics/ros-drone/src/build/tellobot/build/lib/tellobot
[0.730s] running install
[0.730s] running install_lib
[0.731s] copying /Users/peterchau/robotics/ros-drone/src/build/tellobot/build/lib/tellobot/gui_buttons.py -> /Users/peterchau/robotics/ros-drone/src/install/tellobot/lib/python3.8/site-packages/tellobot
[0.731s] copying /Users/peterchau/robotics/ros-drone/src/build/tellobot/build/lib/tellobot/cvui.py -> /Users/peterchau/robotics/ros-drone/src/install/tellobot/lib/python3.8/site-packages/tellobot
[0.733s] byte-compiling /Users/peterchau/robotics/ros-drone/src/install/tellobot/lib/python3.8/site-packages/tellobot/gui_buttons.py to gui_buttons.cpython-38.pyc
[0.734s] byte-compiling /Users/peterchau/robotics/ros-drone/src/install/tellobot/lib/python3.8/site-packages/tellobot/cvui.py to cvui.cpython-38.pyc
[0.740s] running install_data
[0.741s] copying package.xml -> /Users/peterchau/robotics/ros-drone/src/install/tellobot/share/tellobot
[0.741s] running install_egg_info
[0.743s] removing '/Users/peterchau/robotics/ros-drone/src/install/tellobot/lib/python3.8/site-packages/tellobot-0.0.0-py3.8.egg-info' (and everything under it)
[0.744s] Copying ../build/tellobot/tellobot.egg-info to /Users/peterchau/robotics/ros-drone/src/install/tellobot/lib/python3.8/site-packages/tellobot-0.0.0-py3.8.egg-info
[0.747s] running install_scripts
[0.793s] Installing ai_node script to /Users/peterchau/robotics/ros-drone/src/install/tellobot/lib/tellobot
[0.794s] Installing camera_pub_node script to /Users/peterchau/robotics/ros-drone/src/install/tellobot/lib/tellobot
[0.794s] Installing gui_buttons_node script to /Users/peterchau/robotics/ros-drone/src/install/tellobot/lib/tellobot
[0.794s] Installing gui_node script to /Users/peterchau/robotics/ros-drone/src/install/tellobot/lib/tellobot
[0.794s] Installing pose_ml_node script to /Users/peterchau/robotics/ros-drone/src/install/tellobot/lib/tellobot
[0.796s] writing list of installed files to '/Users/peterchau/robotics/ros-drone/src/build/tellobot/install.log'
[0.797s] /usr/local/lib/python3.8/site-packages/setuptools/dist.py:642: UserWarning: Usage of dash-separated 'script-dir' will not be supported in future versions. Please use the underscore name 'script_dir' instead
[0.797s]   warnings.warn(
[0.797s] /usr/local/lib/python3.8/site-packages/setuptools/dist.py:642: UserWarning: Usage of dash-separated 'install-scripts' will not be supported in future versions. Please use the underscore name 'install_scripts' instead
[0.797s]   warnings.warn(
[0.797s]   File "/Users/peterchau/robotics/ros-drone/src/install/tellobot/lib/python3.8/site-packages/tellobot/cvui.py", line 2622
[0.797s]     __internal.begin(COLUMN, aBlock.where, aBlock.anchor.x, aBlock.anchor.y, aWidth, aHeight, aPadding)"""
[0.798s] A (very) simple UI lib built on top of OpenCV drawing primitives.
[0.798s] Version: 2.7
[0.798s] Use of cvui revolves around calling cvui.init() to initialize the lib,
[0.798s] rendering cvui components to a np.ndarray (that you handle yourself) and
[0.798s] finally showing that np.ndarray on the screen using cvui.imshow(), which
[0.798s] is cvui's version of cv2.imshow(). Alternatively you can use cv2.imshow()
[0.799s] to show things, but in such case you must call cvui.update() yourself
[0.799s] before calling cv.imshow().
[0.799s] E.g.:
[0.799s] 	import numpy as np
[0.799s] 	import cv2
[0.800s] 	import cvui
[0.800s] 	WINDOW_NAME = 'CVUI Hello World!'
[0.800s] 	frame = np.zeros((200, 500, 3), np.uint8)
[0.800s] 	cvui.init(WINDOW_NAME)
[0.800s] 	while (True):
[0.800s] 		# Fill the frame with a nice color
[0.801s] 		frame[:] = (49, 52, 49)
[0.801s] 		cvui.text(frame, x, y, 'Hello world!')
[0.801s] 		cvui.imshow(WINDOW_NAME, frame)
[0.801s] 		if cv2.waitKey(20) == 27:
[0.801s] 			break
[0.802s] Read the full documentation at https://dovyski.github.io/cvui/
[0.802s] Copyright (c) 2018 Fernando Bevilacqua <dovyski@gmail.com>
[0.802s] Licensed under the MIT license.
[0.802s] """
[0.802s]                                                                                                        ^
[0.802s] SyntaxError: invalid syntax
[0.803s] 
[0.832s] Invoked command in '/Users/peterchau/robotics/ros-drone/src/tellobot' returned '0': PYTHONPATH=/Users/peterchau/robotics/ros-drone/src/install/tellobot/lib/python3.8/site-packages:${PYTHONPATH} SHLVL=3 _=/usr/bin/env /usr/local/opt/python@3.8/bin/python3.8 setup.py egg_info --egg-base ../build/tellobot build --build-base /Users/peterchau/robotics/ros-drone/src/build/tellobot/build install --prefix /Users/peterchau/robotics/ros-drone/src/install/tellobot --record /Users/peterchau/robotics/ros-drone/src/build/tellobot/install.log --single-version-externally-managed
