[0.429s] Invoking command in '/Users/peterchau/robotics/ros-drone/src/tellobot': PYTHONPATH=/Users/peterchau/robotics/ros-drone/src/install/tellobot/lib/python3.8/site-packages:${PYTHONPATH} SHLVL=3 _=/usr/bin/env /usr/local/opt/python@3.8/bin/python3.8 setup.py egg_info --egg-base ../build/tellobot build --build-base /Users/peterchau/robotics/ros-drone/src/build/tellobot/build install --prefix /Users/peterchau/robotics/ros-drone/src/install/tellobot --record /Users/peterchau/robotics/ros-drone/src/build/tellobot/install.log --single-version-externally-managed
[0.761s] running egg_info
[0.762s] writing ../build/tellobot/tellobot.egg-info/PKG-INFO
[0.762s] writing dependency_links to ../build/tellobot/tellobot.egg-info/dependency_links.txt
[0.762s] writing entry points to ../build/tellobot/tellobot.egg-info/entry_points.txt
[0.763s] writing requirements to ../build/tellobot/tellobot.egg-info/requires.txt
[0.763s] writing top-level names to ../build/tellobot/tellobot.egg-info/top_level.txt
[0.793s] reading manifest file '../build/tellobot/tellobot.egg-info/SOURCES.txt'
[0.795s] writing manifest file '../build/tellobot/tellobot.egg-info/SOURCES.txt'
[0.795s] running build
[0.796s] running build_py
[0.797s] copying tellobot/gui_buttons.py -> /Users/peterchau/robotics/ros-drone/src/build/tellobot/build/lib/tellobot
[0.799s] running install
[0.800s] running install_lib
[0.803s] copying /Users/peterchau/robotics/ros-drone/src/build/tellobot/build/lib/tellobot/gui_buttons.py -> /Users/peterchau/robotics/ros-drone/src/install/tellobot/lib/python3.8/site-packages/tellobot
[0.806s] byte-compiling /Users/peterchau/robotics/ros-drone/src/install/tellobot/lib/python3.8/site-packages/tellobot/gui_buttons.py to gui_buttons.cpython-38.pyc
[0.808s] running install_data
[0.815s] running install_egg_info
[0.817s] removing '/Users/peterchau/robotics/ros-drone/src/install/tellobot/lib/python3.8/site-packages/tellobot-0.0.0-py3.8.egg-info' (and everything under it)
[0.818s] Copying ../build/tellobot/tellobot.egg-info to /Users/peterchau/robotics/ros-drone/src/install/tellobot/lib/python3.8/site-packages/tellobot-0.0.0-py3.8.egg-info
[0.828s] running install_scripts
[0.886s] Installing ai_node script to /Users/peterchau/robotics/ros-drone/src/install/tellobot/lib/tellobot
[0.887s] Installing camera_pub_node script to /Users/peterchau/robotics/ros-drone/src/install/tellobot/lib/tellobot
[0.887s] Installing gui_buttons_node script to /Users/peterchau/robotics/ros-drone/src/install/tellobot/lib/tellobot
[0.888s] Installing gui_node script to /Users/peterchau/robotics/ros-drone/src/install/tellobot/lib/tellobot
[0.888s] Installing pose_ml_node script to /Users/peterchau/robotics/ros-drone/src/install/tellobot/lib/tellobot
[0.890s] writing list of installed files to '/Users/peterchau/robotics/ros-drone/src/build/tellobot/install.log'
[0.890s] /usr/local/lib/python3.8/site-packages/setuptools/dist.py:642: UserWarning: Usage of dash-separated 'script-dir' will not be supported in future versions. Please use the underscore name 'script_dir' instead
[0.890s]   warnings.warn(
[0.891s] /usr/local/lib/python3.8/site-packages/setuptools/dist.py:642: UserWarning: Usage of dash-separated 'install-scripts' will not be supported in future versions. Please use the underscore name 'install_scripts' instead
[0.891s]   warnings.warn(
[0.923s] Invoked command in '/Users/peterchau/robotics/ros-drone/src/tellobot' returned '0': PYTHONPATH=/Users/peterchau/robotics/ros-drone/src/install/tellobot/lib/python3.8/site-packages:${PYTHONPATH} SHLVL=3 _=/usr/bin/env /usr/local/opt/python@3.8/bin/python3.8 setup.py egg_info --egg-base ../build/tellobot build --build-base /Users/peterchau/robotics/ros-drone/src/build/tellobot/build install --prefix /Users/peterchau/robotics/ros-drone/src/install/tellobot --record /Users/peterchau/robotics/ros-drone/src/build/tellobot/install.log --single-version-externally-managed
