[0.527s] Invoking command in '/Users/peterchau/robotics/ros-drone/src/tellobot': PYTHONPATH=/Users/peterchau/robotics/ros-drone/src/install/tellobot/lib/python3.8/site-packages:${PYTHONPATH} SHLVL=3 _=/usr/bin/env /usr/local/opt/python@3.8/bin/python3.8 setup.py egg_info --egg-base ../build/tellobot build --build-base /Users/peterchau/robotics/ros-drone/src/build/tellobot/build install --prefix /Users/peterchau/robotics/ros-drone/src/install/tellobot --record /Users/peterchau/robotics/ros-drone/src/build/tellobot/install.log --single-version-externally-managed
[0.799s] running egg_info
[0.800s] writing ../build/tellobot/tellobot.egg-info/PKG-INFO
[0.800s] writing dependency_links to ../build/tellobot/tellobot.egg-info/dependency_links.txt
[0.800s] writing entry points to ../build/tellobot/tellobot.egg-info/entry_points.txt
[0.801s] writing requirements to ../build/tellobot/tellobot.egg-info/requires.txt
[0.801s] writing top-level names to ../build/tellobot/tellobot.egg-info/top_level.txt
[0.825s] reading manifest file '../build/tellobot/tellobot.egg-info/SOURCES.txt'
[0.826s] writing manifest file '../build/tellobot/tellobot.egg-info/SOURCES.txt'
[0.826s] running build
[0.826s] running build_py
[0.827s] copying tellobot/pose_ml.py -> /Users/peterchau/robotics/ros-drone/src/build/tellobot/build/lib/tellobot
[0.828s] running install
[0.828s] running install_lib
[0.830s] copying /Users/peterchau/robotics/ros-drone/src/build/tellobot/build/lib/tellobot/pose_ml.py -> /Users/peterchau/robotics/ros-drone/src/install/tellobot/lib/python3.8/site-packages/tellobot
[0.831s] byte-compiling /Users/peterchau/robotics/ros-drone/src/install/tellobot/lib/python3.8/site-packages/tellobot/pose_ml.py to pose_ml.cpython-38.pyc
[0.834s] running install_data
[0.835s] running install_egg_info
[0.837s] removing '/Users/peterchau/robotics/ros-drone/src/install/tellobot/lib/python3.8/site-packages/tellobot-0.0.0-py3.8.egg-info' (and everything under it)
[0.838s] Copying ../build/tellobot/tellobot.egg-info to /Users/peterchau/robotics/ros-drone/src/install/tellobot/lib/python3.8/site-packages/tellobot-0.0.0-py3.8.egg-info
[0.840s] running install_scripts
[0.879s] Installing camera_pub_node script to /Users/peterchau/robotics/ros-drone/src/install/tellobot/lib/tellobot
[0.880s] Installing gui_node script to /Users/peterchau/robotics/ros-drone/src/install/tellobot/lib/tellobot
[0.880s] Installing pose_ml_node script to /Users/peterchau/robotics/ros-drone/src/install/tellobot/lib/tellobot
[0.881s] writing list of installed files to '/Users/peterchau/robotics/ros-drone/src/build/tellobot/install.log'
[0.881s] /usr/local/lib/python3.8/site-packages/setuptools/dist.py:642: UserWarning: Usage of dash-separated 'script-dir' will not be supported in future versions. Please use the underscore name 'script_dir' instead
[0.881s]   warnings.warn(
[0.881s] /usr/local/lib/python3.8/site-packages/setuptools/dist.py:642: UserWarning: Usage of dash-separated 'install-scripts' will not be supported in future versions. Please use the underscore name 'install_scripts' instead
[0.881s]   warnings.warn(
[0.882s] /Users/peterchau/robotics/ros-drone/src/install/tellobot/lib/python3.8/site-packages/tellobot/pose_ml.py:306: SyntaxWarning: "is" with a literal. Did you mean "=="?
[0.882s]   if self.period is 0:
[0.882s] /Users/peterchau/robotics/ros-drone/src/install/tellobot/lib/python3.8/site-packages/tellobot/pose_ml.py:311: SyntaxWarning: "is" with a literal. Did you mean "=="?
[0.882s]   if self.period is 0:
[0.903s] Invoked command in '/Users/peterchau/robotics/ros-drone/src/tellobot' returned '0': PYTHONPATH=/Users/peterchau/robotics/ros-drone/src/install/tellobot/lib/python3.8/site-packages:${PYTHONPATH} SHLVL=3 _=/usr/bin/env /usr/local/opt/python@3.8/bin/python3.8 setup.py egg_info --egg-base ../build/tellobot build --build-base /Users/peterchau/robotics/ros-drone/src/build/tellobot/build install --prefix /Users/peterchau/robotics/ros-drone/src/install/tellobot --record /Users/peterchau/robotics/ros-drone/src/build/tellobot/install.log --single-version-externally-managed
