[0.410s] Invoking command in '/Users/peterchau/robotics/ros-drone/src/tellobot': PYTHONPATH=/Users/peterchau/robotics/ros-drone/src/install/tellobot/lib/python3.8/site-packages:${PYTHONPATH} SHLVL=3 _=/usr/bin/env /usr/local/opt/python@3.8/bin/python3.8 setup.py egg_info --egg-base ../build/tellobot build --build-base /Users/peterchau/robotics/ros-drone/src/build/tellobot/build install --prefix /Users/peterchau/robotics/ros-drone/src/install/tellobot --record /Users/peterchau/robotics/ros-drone/src/build/tellobot/install.log --single-version-externally-managed
[0.667s] running egg_info
[0.667s] creating ../build/tellobot/tellobot.egg-info
[0.667s] writing ../build/tellobot/tellobot.egg-info/PKG-INFO
[0.668s] writing dependency_links to ../build/tellobot/tellobot.egg-info/dependency_links.txt
[0.668s] writing entry points to ../build/tellobot/tellobot.egg-info/entry_points.txt
[0.669s] writing requirements to ../build/tellobot/tellobot.egg-info/requires.txt
[0.669s] writing top-level names to ../build/tellobot/tellobot.egg-info/top_level.txt
[0.669s] writing manifest file '../build/tellobot/tellobot.egg-info/SOURCES.txt'
[0.687s] reading manifest file '../build/tellobot/tellobot.egg-info/SOURCES.txt'
[0.688s] writing manifest file '../build/tellobot/tellobot.egg-info/SOURCES.txt'
[0.689s] running build
[0.689s] running build_py
[0.690s] creating /Users/peterchau/robotics/ros-drone/src/build/tellobot/build
[0.690s] creating /Users/peterchau/robotics/ros-drone/src/build/tellobot/build/lib
[0.691s] creating /Users/peterchau/robotics/ros-drone/src/build/tellobot/build/lib/tellobot
[0.691s] copying tellobot/__init__.py -> /Users/peterchau/robotics/ros-drone/src/build/tellobot/build/lib/tellobot
[0.691s] copying tellobot/gui_node.py -> /Users/peterchau/robotics/ros-drone/src/build/tellobot/build/lib/tellobot
[0.691s] copying tellobot/camera_pub_node.py -> /Users/peterchau/robotics/ros-drone/src/build/tellobot/build/lib/tellobot
[0.691s] running install
[0.691s] running install_lib
[0.692s] creating /Users/peterchau/robotics/ros-drone/src/install/tellobot/lib/python3.8/site-packages/tellobot
[0.693s] copying /Users/peterchau/robotics/ros-drone/src/build/tellobot/build/lib/tellobot/__init__.py -> /Users/peterchau/robotics/ros-drone/src/install/tellobot/lib/python3.8/site-packages/tellobot
[0.693s] copying /Users/peterchau/robotics/ros-drone/src/build/tellobot/build/lib/tellobot/gui_node.py -> /Users/peterchau/robotics/ros-drone/src/install/tellobot/lib/python3.8/site-packages/tellobot
[0.693s] copying /Users/peterchau/robotics/ros-drone/src/build/tellobot/build/lib/tellobot/camera_pub_node.py -> /Users/peterchau/robotics/ros-drone/src/install/tellobot/lib/python3.8/site-packages/tellobot
[0.694s] byte-compiling /Users/peterchau/robotics/ros-drone/src/install/tellobot/lib/python3.8/site-packages/tellobot/__init__.py to __init__.cpython-38.pyc
[0.695s] byte-compiling /Users/peterchau/robotics/ros-drone/src/install/tellobot/lib/python3.8/site-packages/tellobot/gui_node.py to gui_node.cpython-38.pyc
[0.696s] byte-compiling /Users/peterchau/robotics/ros-drone/src/install/tellobot/lib/python3.8/site-packages/tellobot/camera_pub_node.py to camera_pub_node.cpython-38.pyc
[0.696s] running install_data
[0.697s] creating /Users/peterchau/robotics/ros-drone/src/install/tellobot/share/ament_index
[0.698s] creating /Users/peterchau/robotics/ros-drone/src/install/tellobot/share/ament_index/resource_index
[0.698s] creating /Users/peterchau/robotics/ros-drone/src/install/tellobot/share/ament_index/resource_index/packages
[0.698s] copying resource/tellobot -> /Users/peterchau/robotics/ros-drone/src/install/tellobot/share/ament_index/resource_index/packages
[0.699s] copying package.xml -> /Users/peterchau/robotics/ros-drone/src/install/tellobot/share/tellobot
[0.699s] running install_egg_info
[0.702s] Copying ../build/tellobot/tellobot.egg-info to /Users/peterchau/robotics/ros-drone/src/install/tellobot/lib/python3.8/site-packages/tellobot-0.0.0-py3.8.egg-info
[0.706s] running install_scripts
[0.746s] Installing camera_pub_node script to /Users/peterchau/robotics/ros-drone/src/install/tellobot/lib/tellobot
[0.746s] Installing gui_node script to /Users/peterchau/robotics/ros-drone/src/install/tellobot/lib/tellobot
[0.747s] writing list of installed files to '/Users/peterchau/robotics/ros-drone/src/build/tellobot/install.log'
[0.747s] /usr/local/lib/python3.8/site-packages/setuptools/dist.py:642: UserWarning: Usage of dash-separated 'script-dir' will not be supported in future versions. Please use the underscore name 'script_dir' instead
[0.748s]   warnings.warn(
[0.748s] /usr/local/lib/python3.8/site-packages/setuptools/dist.py:642: UserWarning: Usage of dash-separated 'install-scripts' will not be supported in future versions. Please use the underscore name 'install_scripts' instead
[0.748s]   warnings.warn(
[0.772s] Invoked command in '/Users/peterchau/robotics/ros-drone/src/tellobot' returned '0': PYTHONPATH=/Users/peterchau/robotics/ros-drone/src/install/tellobot/lib/python3.8/site-packages:${PYTHONPATH} SHLVL=3 _=/usr/bin/env /usr/local/opt/python@3.8/bin/python3.8 setup.py egg_info --egg-base ../build/tellobot build --build-base /Users/peterchau/robotics/ros-drone/src/build/tellobot/build install --prefix /Users/peterchau/robotics/ros-drone/src/install/tellobot --record /Users/peterchau/robotics/ros-drone/src/build/tellobot/install.log --single-version-externally-managed
