[0.000000] (-) TimerEvent: {}
[0.000237] (tellobot) JobQueued: {'identifier': 'tellobot', 'dependencies': OrderedDict()}
[0.000715] (tellobot) JobStarted: {'identifier': 'tellobot'}
[0.103847] (-) TimerEvent: {}
[0.206296] (-) TimerEvent: {}
[0.306646] (-) TimerEvent: {}
[0.390689] (tellobot) Command: {'cmd': ['/usr/local/opt/python@3.8/bin/python3.8', 'setup.py', 'egg_info', '--egg-base', '../build/tellobot', 'build', '--build-base', '/Users/peterchau/robotics/ros-drone/src/build/tellobot/build', 'install', '--prefix', '/Users/peterchau/robotics/ros-drone/src/install/tellobot', '--record', '/Users/peterchau/robotics/ros-drone/src/build/tellobot/install.log', '--single-version-externally-managed'], 'cwd': '/Users/peterchau/robotics/ros-drone/src/tellobot', 'env': {'AUTOJUMP_ERROR_PATH': '/Users/peterchau/Library/autojump/errors.log', '__GIT_PROMPT_IGNORE_STASH': '', 'TERM_PROGRAM': 'tmux', 'ANDROID_HOME': '/Users/peterchau/Library/Android/sdk', 'AUTOJUMP_SOURCED': '1', 'NVM_CD_FLAGS': '', 'SHELL': '/bin/bash', 'TERM': 'screen-256color', 'TMPDIR': '/var/folders/ln/_888p6tn7wx6b5qdykjk1clr0000gn/T/', 'CONDA_SHLVL': '1', 'CONDA_PROMPT_MODIFIER': '(base)', 'TERM_PROGRAM_VERSION': '3.2', 'ROS_PYTHON_VERSION': '3', 'TERM_SESSION_ID': 'w0t0p0:F73BE87F-D8CE-4EF7-8290-93DFC3D640B4', 'COLCON_PREFIX_PATH': '/Users/peterchau/robotics/ros-drone/src/install:/Users/peterchau/ros', 'ROS_VERSION': '2', 'AMENT_PREFIX_PATH': '/Users/peterchau/robotics/ros-drone/src/install/tellobot:/Users/peterchau/ros', '__GIT_PROMPT_SHOW_UPSTREAM': '', 'NVM_DIR': '/Users/peterchau/.nvm', 'USER': 'peterchau', '__GIT_PROMPT_SHOW_UNTRACKED_FILES': 'all', 'COMMAND_MODE': 'unix2003', 'CONDA_EXE': '/opt/anaconda3/bin/conda', 'SSH_AUTH_SOCK': '/Users/peterchau/.gnupg/S.gpg-agent.ssh', '__CF_USER_TEXT_ENCODING': '0x1F5:0x0:0x52', 'PIVOTAL_API_TOKEN': '1b00da4946ad14548d0d50a960383609', 'TMUX': '/private/tmp/tmux-501/default,1085,18', '_CE_CONDA': '', 'PATH': '/Users/peterchau/ros/bin:/usr/local/opt/opencv@2/bin:/usr/local/opt/opencv@2/bin:/usr/local/opt/opencv@2/bin:/usr/local/opt/opencv@3/bin:/usr/local/opt/python@3.8/bin:/opt/anaconda3/bin:/Users/peterchau/.nvm/versions/node/v8.14.1/bin:/Library/Java/JavaVirtualMachines/jdk1.8.0_192.jdk/Contents/Home/bin:/usr/local/bin:/usr/bin:/bin:/usr/sbin:/sbin:/usr/local/go/bin:/usr/local/share/dotnet:/opt/X11/bin:~/.dotnet/tools:/Library/Apple/usr/bin:/Library/Frameworks/Mono.framework/Versions/Current/Commands:/Users/peterchau/src/peartherapeutics/dev-utils:~/Library/Android/sdk/platform-tools:~/Library/Android/sdk/tools:/usr/local/go/bin', 'CONDA_PREFIX': '/opt/anaconda3', '__CFBundleIdentifier': 'com.googlecode.iterm2', 'PWD': '/Users/peterchau/robotics/ros-drone/src/build/tellobot', 'COLCON': '1', 'JAVA_HOME': '/Library/Java/JavaVirtualMachines/jdk1.8.0_192.jdk/Contents/Home', 'AWS_SECRET_ACCESS_KEY': '6sRw1GqK0Z6MaFvDf13F2VllEtXcrU8JTUekpWg3', 'LANG': 'en_CA.UTF-8', 'ITERM_PROFILE': 'Default', 'TMUX_PANE': '%35', 'XPC_FLAGS': '0x0', 'XPC_SERVICE_NAME': '0', '_CE_M': '', 'AWS_ACCESS_KEY_ID': 'AKIAJURBCBKK7GPGB4VQ', 'GPG_TTY': '/dev/ttys035', 'COLORFGBG': '15;0', 'HOME': '/Users/peterchau', 'SHLVL': '3', 'ROS_DISTRO': 'eloquent', 'LC_TERMINAL_VERSION': '3.4.6', 'GIT_BRANCH': 'main', 'PEAR_DEV_UTILS_PATH': '/Users/peterchau/src/peartherapeutics/dev-utils', '__GIT_PROMPT_SHOW_CHANGED_FILES_COUNT': '1', 'DYLD_LIBRARY_PATH': '/Users/peterchau/ros/opt/yaml_cpp_vendor/lib:/Users/peterchau/ros/opt/rviz_ogre_vendor/lib:/Users/peterchau/ros/lib', 'ITERM_SESSION_ID': 'w0t0p0:F73BE87F-D8CE-4EF7-8290-93DFC3D640B4', '__GIT_PROMPT_IGNORE_SUBMODULES': '', 'CONDA_PYTHON_EXE': '/opt/anaconda3/bin/python', 'LOGNAME': 'peterchau', 'PYTHONPATH': '/Users/peterchau/robotics/ros-drone/src/install/tellobot/lib/python3.8/site-packages:/Users/peterchau/robotics/ros-drone/src/install/tellobot/lib/python3.8/site-packages:/Users/peterchau/ros/lib/python3.8/site-packages', 'TMUX_PLUGIN_MANAGER_PATH': '/Users/peterchau/.tmux/plugins/', 'CONDA_DEFAULT_ENV': 'base', 'NVM_BIN': '/Users/peterchau/.nvm/versions/node/v8.14.1/bin', 'PKG_CONFIG_PATH': '/Users/peterchau/ros/lib/pkgconfig', 'DISPLAY': '/private/tmp/com.apple.launchd.5uaNv8KziB/org.macosforge.xquartz:0', 'LC_TERMINAL': 'iTerm2', 'CMAKE_PREFIX_PATH': '/Users/peterchau/ros', 'ROS_LOCALHOST_ONLY': '0', 'COLORTERM': 'truecolor', '_': '/usr/bin/env'}, 'shell': False}
[0.406901] (-) TimerEvent: {}
[0.507862] (-) TimerEvent: {}
[0.610045] (-) TimerEvent: {}
[0.640817] (tellobot) StdoutLine: {'line': b'running egg_info\n'}
[0.641228] (tellobot) StdoutLine: {'line': b'writing ../build/tellobot/tellobot.egg-info/PKG-INFO\n'}
[0.641519] (tellobot) StdoutLine: {'line': b'writing dependency_links to ../build/tellobot/tellobot.egg-info/dependency_links.txt\n'}
[0.641737] (tellobot) StdoutLine: {'line': b'writing entry points to ../build/tellobot/tellobot.egg-info/entry_points.txt\n'}
[0.641988] (tellobot) StdoutLine: {'line': b'writing requirements to ../build/tellobot/tellobot.egg-info/requires.txt\n'}
[0.642232] (tellobot) StdoutLine: {'line': b'writing top-level names to ../build/tellobot/tellobot.egg-info/top_level.txt\n'}
[0.658555] (tellobot) StdoutLine: {'line': b"reading manifest file '../build/tellobot/tellobot.egg-info/SOURCES.txt'\n"}
[0.659698] (tellobot) StdoutLine: {'line': b"writing manifest file '../build/tellobot/tellobot.egg-info/SOURCES.txt'\n"}
[0.660120] (tellobot) StdoutLine: {'line': b'running build\n'}
[0.660223] (tellobot) StdoutLine: {'line': b'running build_py\n'}
[0.660672] (tellobot) StdoutLine: {'line': b'copying tellobot/ai.py -> /Users/peterchau/robotics/ros-drone/src/build/tellobot/build/lib/tellobot\n'}
[0.662201] (tellobot) StdoutLine: {'line': b'copying tellobot/ai_node.py -> /Users/peterchau/robotics/ros-drone/src/build/tellobot/build/lib/tellobot\n'}
[0.662479] (tellobot) StdoutLine: {'line': b'copying tellobot/gui_camera.py -> /Users/peterchau/robotics/ros-drone/src/build/tellobot/build/lib/tellobot\n'}
[0.662914] (tellobot) StdoutLine: {'line': b'copying tellobot/tello_camera.py -> /Users/peterchau/robotics/ros-drone/src/build/tellobot/build/lib/tellobot\n'}
[0.664612] (tellobot) StdoutLine: {'line': b'copying tellobot/tello_drone.py -> /Users/peterchau/robotics/ros-drone/src/build/tellobot/build/lib/tellobot\n'}
[0.665990] (tellobot) StdoutLine: {'line': b'copying tellobot/resolutions.py -> /Users/peterchau/robotics/ros-drone/src/build/tellobot/build/lib/tellobot\n'}
[0.666306] (tellobot) StdoutLine: {'line': b'copying tellobot/gui_camera_node.py -> /Users/peterchau/robotics/ros-drone/src/build/tellobot/build/lib/tellobot\n'}
[0.666778] (tellobot) StdoutLine: {'line': b'copying tellobot/pose_ml_node.py -> /Users/peterchau/robotics/ros-drone/src/build/tellobot/build/lib/tellobot\n'}
[0.667195] (tellobot) StdoutLine: {'line': b'copying tellobot/web_camera.py -> /Users/peterchau/robotics/ros-drone/src/build/tellobot/build/lib/tellobot\n'}
[0.669068] (tellobot) StdoutLine: {'line': b'running install\n'}
[0.669521] (tellobot) StdoutLine: {'line': b'running install_lib\n'}
[0.670789] (tellobot) StdoutLine: {'line': b'copying /Users/peterchau/robotics/ros-drone/src/build/tellobot/build/lib/tellobot/ai.py -> /Users/peterchau/robotics/ros-drone/src/install/tellobot/lib/python3.8/site-packages/tellobot\n'}
[0.671237] (tellobot) StdoutLine: {'line': b'copying /Users/peterchau/robotics/ros-drone/src/build/tellobot/build/lib/tellobot/ai_node.py -> /Users/peterchau/robotics/ros-drone/src/install/tellobot/lib/python3.8/site-packages/tellobot\n'}
[0.671654] (tellobot) StdoutLine: {'line': b'copying /Users/peterchau/robotics/ros-drone/src/build/tellobot/build/lib/tellobot/gui_camera.py -> /Users/peterchau/robotics/ros-drone/src/install/tellobot/lib/python3.8/site-packages/tellobot\n'}
[0.672164] (tellobot) StdoutLine: {'line': b'copying /Users/peterchau/robotics/ros-drone/src/build/tellobot/build/lib/tellobot/tello_camera.py -> /Users/peterchau/robotics/ros-drone/src/install/tellobot/lib/python3.8/site-packages/tellobot\n'}
[0.672816] (tellobot) StdoutLine: {'line': b'copying /Users/peterchau/robotics/ros-drone/src/build/tellobot/build/lib/tellobot/tello_drone.py -> /Users/peterchau/robotics/ros-drone/src/install/tellobot/lib/python3.8/site-packages/tellobot\n'}
[0.673368] (tellobot) StdoutLine: {'line': b'copying /Users/peterchau/robotics/ros-drone/src/build/tellobot/build/lib/tellobot/resolutions.py -> /Users/peterchau/robotics/ros-drone/src/install/tellobot/lib/python3.8/site-packages/tellobot\n'}
[0.673838] (tellobot) StdoutLine: {'line': b'copying /Users/peterchau/robotics/ros-drone/src/build/tellobot/build/lib/tellobot/gui_camera_node.py -> /Users/peterchau/robotics/ros-drone/src/install/tellobot/lib/python3.8/site-packages/tellobot\n'}
[0.674672] (tellobot) StdoutLine: {'line': b'copying /Users/peterchau/robotics/ros-drone/src/build/tellobot/build/lib/tellobot/pose_ml_node.py -> /Users/peterchau/robotics/ros-drone/src/install/tellobot/lib/python3.8/site-packages/tellobot\n'}
[0.675345] (tellobot) StdoutLine: {'line': b'copying /Users/peterchau/robotics/ros-drone/src/build/tellobot/build/lib/tellobot/web_camera.py -> /Users/peterchau/robotics/ros-drone/src/install/tellobot/lib/python3.8/site-packages/tellobot\n'}
[0.676157] (tellobot) StdoutLine: {'line': b'byte-compiling /Users/peterchau/robotics/ros-drone/src/install/tellobot/lib/python3.8/site-packages/tellobot/ai.py to ai.cpython-38.pyc\n'}
[0.677298] (tellobot) StdoutLine: {'line': b'byte-compiling /Users/peterchau/robotics/ros-drone/src/install/tellobot/lib/python3.8/site-packages/tellobot/ai_node.py to ai_node.cpython-38.pyc\n'}
[0.678147] (tellobot) StdoutLine: {'line': b'byte-compiling /Users/peterchau/robotics/ros-drone/src/install/tellobot/lib/python3.8/site-packages/tellobot/gui_camera.py to gui_camera.cpython-38.pyc\n'}
[0.679379] (tellobot) StdoutLine: {'line': b'byte-compiling /Users/peterchau/robotics/ros-drone/src/install/tellobot/lib/python3.8/site-packages/tellobot/tello_camera.py to tello_camera.cpython-38.pyc\n'}
[0.680205] (tellobot) StdoutLine: {'line': b'byte-compiling /Users/peterchau/robotics/ros-drone/src/install/tellobot/lib/python3.8/site-packages/tellobot/tello_drone.py to tello_drone.cpython-38.pyc\n'}
[0.681422] (tellobot) StdoutLine: {'line': b'byte-compiling /Users/peterchau/robotics/ros-drone/src/install/tellobot/lib/python3.8/site-packages/tellobot/resolutions.py to resolutions.cpython-38.pyc\n'}
[0.681935] (tellobot) StdoutLine: {'line': b'byte-compiling /Users/peterchau/robotics/ros-drone/src/install/tellobot/lib/python3.8/site-packages/tellobot/gui_camera_node.py to gui_camera_node.cpython-38.pyc\n'}
[0.682887] (tellobot) StdoutLine: {'line': b'byte-compiling /Users/peterchau/robotics/ros-drone/src/install/tellobot/lib/python3.8/site-packages/tellobot/pose_ml_node.py to pose_ml_node.cpython-38.pyc\n'}
[0.684066] (tellobot) StdoutLine: {'line': b'byte-compiling /Users/peterchau/robotics/ros-drone/src/install/tellobot/lib/python3.8/site-packages/tellobot/web_camera.py to web_camera.cpython-38.pyc\n'}
[0.684719] (tellobot) StdoutLine: {'line': b'running install_data\n'}
[0.685359] (tellobot) StdoutLine: {'line': b'running install_egg_info\n'}
[0.686910] (tellobot) StdoutLine: {'line': b"removing '/Users/peterchau/robotics/ros-drone/src/install/tellobot/lib/python3.8/site-packages/tellobot-0.0.0-py3.8.egg-info' (and everything under it)\n"}
[0.687681] (tellobot) StdoutLine: {'line': b'Copying ../build/tellobot/tellobot.egg-info to /Users/peterchau/robotics/ros-drone/src/install/tellobot/lib/python3.8/site-packages/tellobot-0.0.0-py3.8.egg-info\n'}
[0.690120] (tellobot) StdoutLine: {'line': b'running install_scripts\n'}
[0.712788] (-) TimerEvent: {}
[0.727126] (tellobot) StdoutLine: {'line': b'Installing ai_node script to /Users/peterchau/robotics/ros-drone/src/install/tellobot/lib/tellobot\n'}
[0.727517] (tellobot) StdoutLine: {'line': b'Installing camera_node script to /Users/peterchau/robotics/ros-drone/src/install/tellobot/lib/tellobot\n'}
[0.727820] (tellobot) StdoutLine: {'line': b'Installing drone_node script to /Users/peterchau/robotics/ros-drone/src/install/tellobot/lib/tellobot\n'}
[0.728037] (tellobot) StdoutLine: {'line': b'Installing gui_buttons_node script to /Users/peterchau/robotics/ros-drone/src/install/tellobot/lib/tellobot\n'}
[0.728347] (tellobot) StdoutLine: {'line': b'Installing gui_camera_node script to /Users/peterchau/robotics/ros-drone/src/install/tellobot/lib/tellobot\n'}
[0.728576] (tellobot) StdoutLine: {'line': b'Installing pose_ml_node script to /Users/peterchau/robotics/ros-drone/src/install/tellobot/lib/tellobot\n'}
[0.729485] (tellobot) StdoutLine: {'line': b"writing list of installed files to '/Users/peterchau/robotics/ros-drone/src/build/tellobot/install.log'\n"}
[0.729793] (tellobot) StderrLine: {'line': b"/usr/local/lib/python3.8/site-packages/setuptools/dist.py:642: UserWarning: Usage of dash-separated 'script-dir' will not be supported in future versions. Please use the underscore name 'script_dir' instead\n"}
[0.730058] (tellobot) StderrLine: {'line': b'  warnings.warn(\n'}
[0.730242] (tellobot) StderrLine: {'line': b"/usr/local/lib/python3.8/site-packages/setuptools/dist.py:642: UserWarning: Usage of dash-separated 'install-scripts' will not be supported in future versions. Please use the underscore name 'install_scripts' instead\n"}
[0.730373] (tellobot) StderrLine: {'line': b'  warnings.warn(\n'}
[0.749005] (tellobot) CommandEnded: {'returncode': 0}
[0.792170] (tellobot) JobEnded: {'identifier': 'tellobot', 'rc': 0}
[0.793479] (-) EventReactorShutdown: {}
