[0.478s] Invoking command in '/Users/peterchau/robotics/ros-drone/src/tellobot': CONDA_PROMPT_MODIFIER=(base) PYTHONPATH=/Users/peterchau/robotics/ros-drone/src/install/tellobot/lib/python3.8/site-packages:${PYTHONPATH} SHLVL=3 _=/usr/bin/env /usr/local/opt/python@3.8/bin/python3.8 setup.py egg_info --egg-base ../build/tellobot build --build-base /Users/peterchau/robotics/ros-drone/src/build/tellobot/build install --prefix /Users/peterchau/robotics/ros-drone/src/install/tellobot --record /Users/peterchau/robotics/ros-drone/src/build/tellobot/install.log --single-version-externally-managed
[0.749s] running egg_info
[0.750s] writing ../build/tellobot/tellobot.egg-info/PKG-INFO
[0.750s] writing dependency_links to ../build/tellobot/tellobot.egg-info/dependency_links.txt
[0.750s] writing entry points to ../build/tellobot/tellobot.egg-info/entry_points.txt
[0.750s] writing requirements to ../build/tellobot/tellobot.egg-info/requires.txt
[0.751s] writing top-level names to ../build/tellobot/tellobot.egg-info/top_level.txt
[0.772s] reading manifest file '../build/tellobot/tellobot.egg-info/SOURCES.txt'
[0.774s] writing manifest file '../build/tellobot/tellobot.egg-info/SOURCES.txt'
[0.774s] running build
[0.774s] running build_py
[0.775s] copying tellobot/ai.py -> /Users/peterchau/robotics/ros-drone/src/build/tellobot/build/lib/tellobot
[0.778s] running install
[0.778s] running install_lib
[0.779s] copying /Users/peterchau/robotics/ros-drone/src/build/tellobot/build/lib/tellobot/ai.py -> /Users/peterchau/robotics/ros-drone/src/install/tellobot/lib/python3.8/site-packages/tellobot
[0.781s] byte-compiling /Users/peterchau/robotics/ros-drone/src/install/tellobot/lib/python3.8/site-packages/tellobot/ai.py to ai.cpython-38.pyc
[0.783s] running install_data
[0.784s] running install_egg_info
[0.786s] removing '/Users/peterchau/robotics/ros-drone/src/install/tellobot/lib/python3.8/site-packages/tellobot-0.0.0-py3.8.egg-info' (and everything under it)
[0.787s] Copying ../build/tellobot/tellobot.egg-info to /Users/peterchau/robotics/ros-drone/src/install/tellobot/lib/python3.8/site-packages/tellobot-0.0.0-py3.8.egg-info
[0.789s] running install_scripts
[0.822s] Installing ai_node script to /Users/peterchau/robotics/ros-drone/src/install/tellobot/lib/tellobot
[0.823s] Installing camera_node script to /Users/peterchau/robotics/ros-drone/src/install/tellobot/lib/tellobot
[0.823s] Installing drone_node script to /Users/peterchau/robotics/ros-drone/src/install/tellobot/lib/tellobot
[0.823s] Installing gui_buttons_node script to /Users/peterchau/robotics/ros-drone/src/install/tellobot/lib/tellobot
[0.824s] Installing gui_camera_node script to /Users/peterchau/robotics/ros-drone/src/install/tellobot/lib/tellobot
[0.824s] Installing pose_ml_node script to /Users/peterchau/robotics/ros-drone/src/install/tellobot/lib/tellobot
[0.825s] writing list of installed files to '/Users/peterchau/robotics/ros-drone/src/build/tellobot/install.log'
[0.825s] /usr/local/lib/python3.8/site-packages/setuptools/dist.py:642: UserWarning: Usage of dash-separated 'script-dir' will not be supported in future versions. Please use the underscore name 'script_dir' instead
[0.825s]   warnings.warn(
[0.826s] /usr/local/lib/python3.8/site-packages/setuptools/dist.py:642: UserWarning: Usage of dash-separated 'install-scripts' will not be supported in future versions. Please use the underscore name 'install_scripts' instead
[0.826s]   warnings.warn(
[0.850s] Invoked command in '/Users/peterchau/robotics/ros-drone/src/tellobot' returned '0': CONDA_PROMPT_MODIFIER=(base) PYTHONPATH=/Users/peterchau/robotics/ros-drone/src/install/tellobot/lib/python3.8/site-packages:${PYTHONPATH} SHLVL=3 _=/usr/bin/env /usr/local/opt/python@3.8/bin/python3.8 setup.py egg_info --egg-base ../build/tellobot build --build-base /Users/peterchau/robotics/ros-drone/src/build/tellobot/build install --prefix /Users/peterchau/robotics/ros-drone/src/install/tellobot --record /Users/peterchau/robotics/ros-drone/src/build/tellobot/install.log --single-version-externally-managed
