[0.468s] Invoking command in '/Users/peterchau/robotics/ros-drone/src/tellobot': CONDA_PROMPT_MODIFIER=(base) PYTHONPATH=/Users/peterchau/robotics/ros-drone/src/install/tellobot/lib/python3.8/site-packages:${PYTHONPATH} SHLVL=3 _=/usr/bin/env /usr/local/opt/python@3.8/bin/python3.8 setup.py egg_info --egg-base ../build/tellobot build --build-base /Users/peterchau/robotics/ros-drone/src/build/tellobot/build install --prefix /Users/peterchau/robotics/ros-drone/src/install/tellobot --record /Users/peterchau/robotics/ros-drone/src/build/tellobot/install.log --single-version-externally-managed
[0.709s] running egg_info
[0.709s] writing ../build/tellobot/tellobot.egg-info/PKG-INFO
[0.709s] writing dependency_links to ../build/tellobot/tellobot.egg-info/dependency_links.txt
[0.710s] writing entry points to ../build/tellobot/tellobot.egg-info/entry_points.txt
[0.710s] writing requirements to ../build/tellobot/tellobot.egg-info/requires.txt
[0.710s] writing top-level names to ../build/tellobot/tellobot.egg-info/top_level.txt
[0.727s] reading manifest file '../build/tellobot/tellobot.egg-info/SOURCES.txt'
[0.728s] writing manifest file '../build/tellobot/tellobot.egg-info/SOURCES.txt'
[0.728s] running build
[0.728s] running build_py
[0.729s] copying tellobot/fake_tello.py -> /Users/peterchau/robotics/ros-drone/src/build/tellobot/build/lib/tellobot
[0.729s] copying tellobot/drone_node.py -> /Users/peterchau/robotics/ros-drone/src/build/tellobot/build/lib/tellobot
[0.730s] copying tellobot/gui_buttons.py -> /Users/peterchau/robotics/ros-drone/src/build/tellobot/build/lib/tellobot
[0.730s] copying tellobot/cmds.py -> /Users/peterchau/robotics/ros-drone/src/build/tellobot/build/lib/tellobot
[0.732s] running install
[0.732s] running install_lib
[0.734s] copying /Users/peterchau/robotics/ros-drone/src/build/tellobot/build/lib/tellobot/fake_tello.py -> /Users/peterchau/robotics/ros-drone/src/install/tellobot/lib/python3.8/site-packages/tellobot
[0.735s] copying /Users/peterchau/robotics/ros-drone/src/build/tellobot/build/lib/tellobot/drone_node.py -> /Users/peterchau/robotics/ros-drone/src/install/tellobot/lib/python3.8/site-packages/tellobot
[0.735s] copying /Users/peterchau/robotics/ros-drone/src/build/tellobot/build/lib/tellobot/gui_buttons.py -> /Users/peterchau/robotics/ros-drone/src/install/tellobot/lib/python3.8/site-packages/tellobot
[0.736s] copying /Users/peterchau/robotics/ros-drone/src/build/tellobot/build/lib/tellobot/cmds.py -> /Users/peterchau/robotics/ros-drone/src/install/tellobot/lib/python3.8/site-packages/tellobot
[0.737s] byte-compiling /Users/peterchau/robotics/ros-drone/src/install/tellobot/lib/python3.8/site-packages/tellobot/fake_tello.py to fake_tello.cpython-38.pyc
[0.739s] byte-compiling /Users/peterchau/robotics/ros-drone/src/install/tellobot/lib/python3.8/site-packages/tellobot/drone_node.py to drone_node.cpython-38.pyc
[0.740s] byte-compiling /Users/peterchau/robotics/ros-drone/src/install/tellobot/lib/python3.8/site-packages/tellobot/gui_buttons.py to gui_buttons.cpython-38.pyc
[0.742s] byte-compiling /Users/peterchau/robotics/ros-drone/src/install/tellobot/lib/python3.8/site-packages/tellobot/cmds.py to cmds.cpython-38.pyc
[0.743s] running install_data
[0.744s] running install_egg_info
[0.747s] removing '/Users/peterchau/robotics/ros-drone/src/install/tellobot/lib/python3.8/site-packages/tellobot-0.0.0-py3.8.egg-info' (and everything under it)
[0.748s] Copying ../build/tellobot/tellobot.egg-info to /Users/peterchau/robotics/ros-drone/src/install/tellobot/lib/python3.8/site-packages/tellobot-0.0.0-py3.8.egg-info
[0.752s] running install_scripts
[0.795s] Installing ai_node script to /Users/peterchau/robotics/ros-drone/src/install/tellobot/lib/tellobot
[0.795s] Installing camera_pub_node script to /Users/peterchau/robotics/ros-drone/src/install/tellobot/lib/tellobot
[0.795s] Installing drone_node script to /Users/peterchau/robotics/ros-drone/src/install/tellobot/lib/tellobot
[0.796s] Installing gui_buttons_node script to /Users/peterchau/robotics/ros-drone/src/install/tellobot/lib/tellobot
[0.796s] Installing gui_node script to /Users/peterchau/robotics/ros-drone/src/install/tellobot/lib/tellobot
[0.796s] Installing pose_ml_node script to /Users/peterchau/robotics/ros-drone/src/install/tellobot/lib/tellobot
[0.798s] writing list of installed files to '/Users/peterchau/robotics/ros-drone/src/build/tellobot/install.log'
[0.799s] /usr/local/lib/python3.8/site-packages/setuptools/dist.py:642: UserWarning: Usage of dash-separated 'script-dir' will not be supported in future versions. Please use the underscore name 'script_dir' instead
[0.799s]   warnings.warn(
[0.799s] /usr/local/lib/python3.8/site-packages/setuptools/dist.py:642: UserWarning: Usage of dash-separated 'install-scripts' will not be supported in future versions. Please use the underscore name 'install_scripts' instead
[0.799s]   warnings.warn(
[0.822s] Invoked command in '/Users/peterchau/robotics/ros-drone/src/tellobot' returned '0': CONDA_PROMPT_MODIFIER=(base) PYTHONPATH=/Users/peterchau/robotics/ros-drone/src/install/tellobot/lib/python3.8/site-packages:${PYTHONPATH} SHLVL=3 _=/usr/bin/env /usr/local/opt/python@3.8/bin/python3.8 setup.py egg_info --egg-base ../build/tellobot build --build-base /Users/peterchau/robotics/ros-drone/src/build/tellobot/build install --prefix /Users/peterchau/robotics/ros-drone/src/install/tellobot --record /Users/peterchau/robotics/ros-drone/src/build/tellobot/install.log --single-version-externally-managed
