[0.400s] Invoking command in '/Users/peterchau/robotics/ros-drone/src/tellobot': CONDA_PROMPT_MODIFIER=(base) PYTHONPATH=/Users/peterchau/robotics/ros-drone/src/install/tellobot/lib/python3.8/site-packages:${PYTHONPATH} SHLVL=3 _=/usr/bin/env /usr/local/opt/python@3.8/bin/python3.8 setup.py egg_info --egg-base ../build/tellobot build --build-base /Users/peterchau/robotics/ros-drone/src/build/tellobot/build install --prefix /Users/peterchau/robotics/ros-drone/src/install/tellobot --record /Users/peterchau/robotics/ros-drone/src/build/tellobot/install.log --single-version-externally-managed
[0.662s] running egg_info
[0.662s] writing ../build/tellobot/tellobot.egg-info/PKG-INFO
[0.662s] writing dependency_links to ../build/tellobot/tellobot.egg-info/dependency_links.txt
[0.662s] writing entry points to ../build/tellobot/tellobot.egg-info/entry_points.txt
[0.663s] writing requirements to ../build/tellobot/tellobot.egg-info/requires.txt
[0.663s] writing top-level names to ../build/tellobot/tellobot.egg-info/top_level.txt
[0.680s] reading manifest file '../build/tellobot/tellobot.egg-info/SOURCES.txt'
[0.682s] writing manifest file '../build/tellobot/tellobot.egg-info/SOURCES.txt'
[0.682s] running build
[0.682s] running build_py
[0.683s] copying tellobot/tello_drone.py -> /Users/peterchau/robotics/ros-drone/src/build/tellobot/build/lib/tellobot
[0.684s] running install
[0.685s] running install_lib
[0.686s] copying /Users/peterchau/robotics/ros-drone/src/build/tellobot/build/lib/tellobot/tello_drone.py -> /Users/peterchau/robotics/ros-drone/src/install/tellobot/lib/python3.8/site-packages/tellobot
[0.687s] byte-compiling /Users/peterchau/robotics/ros-drone/src/install/tellobot/lib/python3.8/site-packages/tellobot/tello_drone.py to tello_drone.cpython-38.pyc
[0.688s] running install_data
[0.689s] running install_egg_info
[0.690s] removing '/Users/peterchau/robotics/ros-drone/src/install/tellobot/lib/python3.8/site-packages/tellobot-0.0.0-py3.8.egg-info' (and everything under it)
[0.691s] Copying ../build/tellobot/tellobot.egg-info to /Users/peterchau/robotics/ros-drone/src/install/tellobot/lib/python3.8/site-packages/tellobot-0.0.0-py3.8.egg-info
[0.693s] running install_scripts
[0.725s] Installing ai_node script to /Users/peterchau/robotics/ros-drone/src/install/tellobot/lib/tellobot
[0.725s] Installing camera_node script to /Users/peterchau/robotics/ros-drone/src/install/tellobot/lib/tellobot
[0.725s] Installing drone_node script to /Users/peterchau/robotics/ros-drone/src/install/tellobot/lib/tellobot
[0.726s] Installing gui_buttons_node script to /Users/peterchau/robotics/ros-drone/src/install/tellobot/lib/tellobot
[0.726s] Installing gui_camera_node script to /Users/peterchau/robotics/ros-drone/src/install/tellobot/lib/tellobot
[0.726s] Installing pose_ml_node script to /Users/peterchau/robotics/ros-drone/src/install/tellobot/lib/tellobot
[0.727s] writing list of installed files to '/Users/peterchau/robotics/ros-drone/src/build/tellobot/install.log'
[0.728s] /usr/local/lib/python3.8/site-packages/setuptools/dist.py:642: UserWarning: Usage of dash-separated 'script-dir' will not be supported in future versions. Please use the underscore name 'script_dir' instead
[0.728s]   warnings.warn(
[0.728s] /usr/local/lib/python3.8/site-packages/setuptools/dist.py:642: UserWarning: Usage of dash-separated 'install-scripts' will not be supported in future versions. Please use the underscore name 'install_scripts' instead
[0.728s]   warnings.warn(
[0.728s]   File "/Users/peterchau/robotics/ros-drone/src/install/tellobot/lib/python3.8/site-packages/tellobot/tello_drone.py", line 204
[0.729s]     print "battery low,please repalce with a new one"
[0.729s]           ^
[0.729s] SyntaxError: Missing parentheses in call to 'print'. Did you mean print("battery low,please repalce with a new one")?
[0.729s] 
[0.750s] Invoked command in '/Users/peterchau/robotics/ros-drone/src/tellobot' returned '0': CONDA_PROMPT_MODIFIER=(base) PYTHONPATH=/Users/peterchau/robotics/ros-drone/src/install/tellobot/lib/python3.8/site-packages:${PYTHONPATH} SHLVL=3 _=/usr/bin/env /usr/local/opt/python@3.8/bin/python3.8 setup.py egg_info --egg-base ../build/tellobot build --build-base /Users/peterchau/robotics/ros-drone/src/build/tellobot/build install --prefix /Users/peterchau/robotics/ros-drone/src/install/tellobot --record /Users/peterchau/robotics/ros-drone/src/build/tellobot/install.log --single-version-externally-managed
