[0.472s] Invoking command in '/Users/peterchau/robotics/ros-drone/src/tellobot': PYTHONPATH=/Users/peterchau/robotics/ros-drone/install/tellobot/lib/python3.8/site-packages:${PYTHONPATH} SHLVL=3 _=/usr/bin/env /usr/local/opt/python@3.8/bin/python3.8 setup.py egg_info --egg-base ../../build/tellobot build --build-base /Users/peterchau/robotics/ros-drone/build/tellobot/build install --prefix /Users/peterchau/robotics/ros-drone/install/tellobot --record /Users/peterchau/robotics/ros-drone/build/tellobot/install.log --single-version-externally-managed
[0.791s] running egg_info
[0.792s] writing ../../build/tellobot/tellobot.egg-info/PKG-INFO
[0.792s] writing dependency_links to ../../build/tellobot/tellobot.egg-info/dependency_links.txt
[0.793s] writing entry points to ../../build/tellobot/tellobot.egg-info/entry_points.txt
[0.794s] writing requirements to ../../build/tellobot/tellobot.egg-info/requires.txt
[0.794s] writing top-level names to ../../build/tellobot/tellobot.egg-info/top_level.txt
[0.859s] reading manifest file '../../build/tellobot/tellobot.egg-info/SOURCES.txt'
[0.859s] writing manifest file '../../build/tellobot/tellobot.egg-info/SOURCES.txt'
[0.859s] running build
[0.859s] running build_py
[0.860s] copying tellobot/ai.py -> /Users/peterchau/robotics/ros-drone/build/tellobot/build/lib/tellobot
[0.860s] copying tellobot/gui_node.py -> /Users/peterchau/robotics/ros-drone/build/tellobot/build/lib/tellobot
[0.860s] copying tellobot/camera_pub_node.py -> /Users/peterchau/robotics/ros-drone/build/tellobot/build/lib/tellobot
[0.860s] copying tellobot/pose_ml.py -> /Users/peterchau/robotics/ros-drone/build/tellobot/build/lib/tellobot
[0.860s] copying tellobot/gui.py -> /Users/peterchau/robotics/ros-drone/build/tellobot/build/lib/tellobot
[0.860s] copying tellobot/pose_ml_node.py -> /Users/peterchau/robotics/ros-drone/build/tellobot/build/lib/tellobot
[0.861s] running install
[0.861s] running install_lib
[0.861s] creating /Users/peterchau/robotics/ros-drone/install/tellobot/lib/python3.8/site-packages/tellobot
[0.861s] copying /Users/peterchau/robotics/ros-drone/build/tellobot/build/lib/tellobot/ai.py -> /Users/peterchau/robotics/ros-drone/install/tellobot/lib/python3.8/site-packages/tellobot
[0.861s] copying /Users/peterchau/robotics/ros-drone/build/tellobot/build/lib/tellobot/__init__.py -> /Users/peterchau/robotics/ros-drone/install/tellobot/lib/python3.8/site-packages/tellobot
[0.861s] copying /Users/peterchau/robotics/ros-drone/build/tellobot/build/lib/tellobot/camera.py -> /Users/peterchau/robotics/ros-drone/install/tellobot/lib/python3.8/site-packages/tellobot
[0.862s] copying /Users/peterchau/robotics/ros-drone/build/tellobot/build/lib/tellobot/gui_node.py -> /Users/peterchau/robotics/ros-drone/install/tellobot/lib/python3.8/site-packages/tellobot
[0.862s] copying /Users/peterchau/robotics/ros-drone/build/tellobot/build/lib/tellobot/camera_pub_node.py -> /Users/peterchau/robotics/ros-drone/install/tellobot/lib/python3.8/site-packages/tellobot
[0.862s] copying /Users/peterchau/robotics/ros-drone/build/tellobot/build/lib/tellobot/pose_ml.py -> /Users/peterchau/robotics/ros-drone/install/tellobot/lib/python3.8/site-packages/tellobot
[0.862s] copying /Users/peterchau/robotics/ros-drone/build/tellobot/build/lib/tellobot/gui.py -> /Users/peterchau/robotics/ros-drone/install/tellobot/lib/python3.8/site-packages/tellobot
[0.862s] copying /Users/peterchau/robotics/ros-drone/build/tellobot/build/lib/tellobot/pose_ml_node.py -> /Users/peterchau/robotics/ros-drone/install/tellobot/lib/python3.8/site-packages/tellobot
[0.862s] byte-compiling /Users/peterchau/robotics/ros-drone/install/tellobot/lib/python3.8/site-packages/tellobot/ai.py to ai.cpython-38.pyc
[0.863s] byte-compiling /Users/peterchau/robotics/ros-drone/install/tellobot/lib/python3.8/site-packages/tellobot/__init__.py to __init__.cpython-38.pyc
[0.863s] byte-compiling /Users/peterchau/robotics/ros-drone/install/tellobot/lib/python3.8/site-packages/tellobot/camera.py to camera.cpython-38.pyc
[0.863s] byte-compiling /Users/peterchau/robotics/ros-drone/install/tellobot/lib/python3.8/site-packages/tellobot/gui_node.py to gui_node.cpython-38.pyc
[0.869s] byte-compiling /Users/peterchau/robotics/ros-drone/install/tellobot/lib/python3.8/site-packages/tellobot/camera_pub_node.py to camera_pub_node.cpython-38.pyc
[0.869s] byte-compiling /Users/peterchau/robotics/ros-drone/install/tellobot/lib/python3.8/site-packages/tellobot/pose_ml.py to pose_ml.cpython-38.pyc
[0.869s] byte-compiling /Users/peterchau/robotics/ros-drone/install/tellobot/lib/python3.8/site-packages/tellobot/gui.py to gui.cpython-38.pyc
[0.869s] byte-compiling /Users/peterchau/robotics/ros-drone/install/tellobot/lib/python3.8/site-packages/tellobot/pose_ml_node.py to pose_ml_node.cpython-38.pyc
[0.870s] running install_data
[0.870s] creating /Users/peterchau/robotics/ros-drone/install/tellobot/share/ament_index
[0.870s] creating /Users/peterchau/robotics/ros-drone/install/tellobot/share/ament_index/resource_index
[0.870s] creating /Users/peterchau/robotics/ros-drone/install/tellobot/share/ament_index/resource_index/packages
[0.870s] copying resource/tellobot -> /Users/peterchau/robotics/ros-drone/install/tellobot/share/ament_index/resource_index/packages
[0.870s] copying package.xml -> /Users/peterchau/robotics/ros-drone/install/tellobot/share/tellobot
[0.871s] running install_egg_info
[0.871s] Copying ../../build/tellobot/tellobot.egg-info to /Users/peterchau/robotics/ros-drone/install/tellobot/lib/python3.8/site-packages/tellobot-0.0.0-py3.8.egg-info
[0.871s] running install_scripts
[0.905s] Installing camera_pub_node script to /Users/peterchau/robotics/ros-drone/install/tellobot/lib/tellobot
[0.906s] Installing gui_node script to /Users/peterchau/robotics/ros-drone/install/tellobot/lib/tellobot
[0.906s] Installing pose_ml_node script to /Users/peterchau/robotics/ros-drone/install/tellobot/lib/tellobot
[0.907s] writing list of installed files to '/Users/peterchau/robotics/ros-drone/build/tellobot/install.log'
[0.908s] /usr/local/lib/python3.8/site-packages/setuptools/dist.py:642: UserWarning: Usage of dash-separated 'script-dir' will not be supported in future versions. Please use the underscore name 'script_dir' instead
[0.908s]   warnings.warn(
[0.908s] /usr/local/lib/python3.8/site-packages/setuptools/dist.py:642: UserWarning: Usage of dash-separated 'install-scripts' will not be supported in future versions. Please use the underscore name 'install_scripts' instead
[0.909s]   warnings.warn(
[0.909s] /Users/peterchau/robotics/ros-drone/install/tellobot/lib/python3.8/site-packages/tellobot/pose_ml.py:303: SyntaxWarning: "is" with a literal. Did you mean "=="?
[0.909s]   if self.period is 0:
[0.909s] /Users/peterchau/robotics/ros-drone/install/tellobot/lib/python3.8/site-packages/tellobot/pose_ml.py:308: SyntaxWarning: "is" with a literal. Did you mean "=="?
[0.910s]   if self.period is 0:
[0.938s] Invoked command in '/Users/peterchau/robotics/ros-drone/src/tellobot' returned '0': PYTHONPATH=/Users/peterchau/robotics/ros-drone/install/tellobot/lib/python3.8/site-packages:${PYTHONPATH} SHLVL=3 _=/usr/bin/env /usr/local/opt/python@3.8/bin/python3.8 setup.py egg_info --egg-base ../../build/tellobot build --build-base /Users/peterchau/robotics/ros-drone/build/tellobot/build install --prefix /Users/peterchau/robotics/ros-drone/install/tellobot --record /Users/peterchau/robotics/ros-drone/build/tellobot/install.log --single-version-externally-managed
