[0.404s] Invoking command in '/Users/peterchau/robotics/ros-drone/src/tellobot': PYTHONPATH=/Users/peterchau/robotics/ros-drone/src/install/tellobot/lib/python3.8/site-packages:${PYTHONPATH} SHLVL=3 _=/usr/bin/env /usr/local/opt/python@3.8/bin/python3.8 setup.py egg_info --egg-base ../build/tellobot build --build-base /Users/peterchau/robotics/ros-drone/src/build/tellobot/build install --prefix /Users/peterchau/robotics/ros-drone/src/install/tellobot --record /Users/peterchau/robotics/ros-drone/src/build/tellobot/install.log --single-version-externally-managed
[0.661s] running egg_info
[0.661s] writing ../build/tellobot/tellobot.egg-info/PKG-INFO
[0.661s] writing dependency_links to ../build/tellobot/tellobot.egg-info/dependency_links.txt
[0.662s] writing entry points to ../build/tellobot/tellobot.egg-info/entry_points.txt
[0.662s] writing requirements to ../build/tellobot/tellobot.egg-info/requires.txt
[0.662s] writing top-level names to ../build/tellobot/tellobot.egg-info/top_level.txt
[0.680s] reading manifest file '../build/tellobot/tellobot.egg-info/SOURCES.txt'
[0.682s] writing manifest file '../build/tellobot/tellobot.egg-info/SOURCES.txt'
[0.682s] running build
[0.682s] running build_py
[0.683s] copying tellobot/gui.py -> /Users/peterchau/robotics/ros-drone/src/build/tellobot/build/lib/tellobot
[0.683s] running install
[0.684s] running install_lib
[0.685s] copying /Users/peterchau/robotics/ros-drone/src/build/tellobot/build/lib/tellobot/gui.py -> /Users/peterchau/robotics/ros-drone/src/install/tellobot/lib/python3.8/site-packages/tellobot
[0.686s] byte-compiling /Users/peterchau/robotics/ros-drone/src/install/tellobot/lib/python3.8/site-packages/tellobot/gui.py to gui.cpython-38.pyc
[0.686s] byte-compiling /Users/peterchau/robotics/ros-drone/src/install/tellobot/lib/python3.8/site-packages/tellobot/pose_ml_node.py to pose_ml_node.cpython-38.pyc
[0.687s] running install_data
[0.688s] running install_egg_info
[0.690s] removing '/Users/peterchau/robotics/ros-drone/src/install/tellobot/lib/python3.8/site-packages/tellobot-0.0.0-py3.8.egg-info' (and everything under it)
[0.691s] Copying ../build/tellobot/tellobot.egg-info to /Users/peterchau/robotics/ros-drone/src/install/tellobot/lib/python3.8/site-packages/tellobot-0.0.0-py3.8.egg-info
[0.693s] running install_scripts
[0.728s] Installing camera_pub_node script to /Users/peterchau/robotics/ros-drone/src/install/tellobot/lib/tellobot
[0.729s] Installing gui_node script to /Users/peterchau/robotics/ros-drone/src/install/tellobot/lib/tellobot
[0.729s] Installing pose_ml_node script to /Users/peterchau/robotics/ros-drone/src/install/tellobot/lib/tellobot
[0.730s] writing list of installed files to '/Users/peterchau/robotics/ros-drone/src/build/tellobot/install.log'
[0.730s] /usr/local/lib/python3.8/site-packages/setuptools/dist.py:642: UserWarning: Usage of dash-separated 'script-dir' will not be supported in future versions. Please use the underscore name 'script_dir' instead
[0.731s]   warnings.warn(
[0.731s] /usr/local/lib/python3.8/site-packages/setuptools/dist.py:642: UserWarning: Usage of dash-separated 'install-scripts' will not be supported in future versions. Please use the underscore name 'install_scripts' instead
[0.731s]   warnings.warn(
[0.731s]   File "/Users/peterchau/robotics/ros-drone/src/install/tellobot/lib/python3.8/site-packages/tellobot/gui.py", line 27
[0.731s]     if points[partA][0] != overflow_null and and points[partA][1] != overflow_null and points[partB][0] != overflow_null and and points[partB][1] != overflow_null:
[0.731s]                                              ^
[0.731s] SyntaxError: invalid syntax
[0.731s] 
[0.751s] Invoked command in '/Users/peterchau/robotics/ros-drone/src/tellobot' returned '0': PYTHONPATH=/Users/peterchau/robotics/ros-drone/src/install/tellobot/lib/python3.8/site-packages:${PYTHONPATH} SHLVL=3 _=/usr/bin/env /usr/local/opt/python@3.8/bin/python3.8 setup.py egg_info --egg-base ../build/tellobot build --build-base /Users/peterchau/robotics/ros-drone/src/build/tellobot/build install --prefix /Users/peterchau/robotics/ros-drone/src/install/tellobot --record /Users/peterchau/robotics/ros-drone/src/build/tellobot/install.log --single-version-externally-managed
